{"/home/ryan/.openclaw/workspace/projects/dashboard/src/app.js": {"path":"/home/ryan/.openclaw/workspace/projects/dashboard/src/app.js","statementMap":{"0":{"start":{"line":12,"column":19},"end":{"line":12,"column":49}},"1":{"start":{"line":13,"column":18},"end":{"line":13,"column":42}},"2":{"start":{"line":15,"column":12},"end":{"line":15,"column":21}},"3":{"start":{"line":18,"column":0},"end":{"line":23,"column":1}},"4":{"start":{"line":19,"column":2},"end":{"line":19,"column":15}},"5":{"start":{"line":21,"column":2},"end":{"line":21,"column":64}},"6":{"start":{"line":26,"column":0},"end":{"line":26,"column":33}},"7":{"start":{"line":27,"column":0},"end":{"line":27,"column":16}},"8":{"start":{"line":28,"column":0},"end":{"line":28,"column":27}},"9":{"start":{"line":31,"column":0},"end":{"line":31,"column":31}},"10":{"start":{"line":34,"column":0},"end":{"line":34,"column":41}},"11":{"start":{"line":35,"column":0},"end":{"line":35,"column":37}},"12":{"start":{"line":38,"column":0},"end":{"line":38,"column":25}},"13":{"start":{"line":41,"column":0},"end":{"line":41,"column":22}}},"fnMap":{},"branchMap":{},"s":{"0":0,"1":0,"2":0,"3":0,"4":0,"5":0,"6":0,"7":0,"8":0,"9":0,"10":0,"11":0,"12":0,"13":0},"f":{},"b":{},"inputSourceMap":null}
,"/home/ryan/.openclaw/workspace/projects/dashboard/src/__tests__/fixtures/index.js": {"path":"/home/ryan/.openclaw/workspace/projects/dashboard/src/__tests__/fixtures/index.js","statementMap":{"0":{"start":{"line":9,"column":28},"end":{"line":23,"column":1}},"1":{"start":{"line":28,"column":35},"end":{"line":34,"column":1}},"2":{"start":{"line":39,"column":25},"end":{"line":60,"column":1}},"3":{"start":{"line":66,"column":2},"end":{"line":74,"column":4}},"4":{"start":{"line":81,"column":19},"end":{"line":102,"column":3}},"5":{"start":{"line":87,"column":6},"end":{"line":87,"column":29}},"6":{"start":{"line":88,"column":6},"end":{"line":88,"column":18}},"7":{"start":{"line":91,"column":6},"end":{"line":91,"column":27}},"8":{"start":{"line":92,"column":6},"end":{"line":92,"column":18}},"9":{"start":{"line":95,"column":6},"end":{"line":95,"column":27}},"10":{"start":{"line":96,"column":6},"end":{"line":96,"column":18}},"11":{"start":{"line":99,"column":6},"end":{"line":99,"column":32}},"12":{"start":{"line":100,"column":6},"end":{"line":100,"column":18}},"13":{"start":{"line":103,"column":2},"end":{"line":103,"column":18}},"14":{"start":{"line":110,"column":15},"end":{"line":110,"column":29}},"15":{"start":{"line":111,"column":2},"end":{"line":111,"column":22}},"16":{"start":{"line":112,"column":2},"end":{"line":112,"column":25}},"17":{"start":{"line":113,"column":2},"end":{"line":113,"column":20}},"18":{"start":{"line":115,"column":2},"end":{"line":121,"column":4}},"19":{"start":{"line":116,"column":4},"end":{"line":116,"column":23}},"20":{"start":{"line":117,"column":4},"end":{"line":119,"column":5}},"21":{"start":{"line":118,"column":6},"end":{"line":118,"column":25}},"22":{"start":{"line":120,"column":4},"end":{"line":120,"column":28}},"23":{"start":{"line":127,"column":27},"end":{"line":132,"column":1}},"24":{"start":{"line":138,"column":2},"end":{"line":144,"column":4}}},"fnMap":{"0":{"name":"createMockRequest","decl":{"start":{"line":65,"column":16},"end":{"line":65,"column":33}},"loc":{"start":{"line":65,"column":48},"end":{"line":75,"column":1}},"line":65},"1":{"name":"createMockResponse","decl":{"start":{"line":80,"column":16},"end":{"line":80,"column":34}},"loc":{"start":{"line":80,"column":37},"end":{"line":104,"column":1}},"line":80},"2":{"name":"(anonymous_2)","decl":{"start":{"line":86,"column":12},"end":{"line":86,"column":13}},"loc":{"start":{"line":86,"column":28},"end":{"line":89,"column":5}},"line":86},"3":{"name":"(anonymous_3)","decl":{"start":{"line":90,"column":10},"end":{"line":90,"column":11}},"loc":{"start":{"line":90,"column":26},"end":{"line":93,"column":5}},"line":90},"4":{"name":"(anonymous_4)","decl":{"start":{"line":94,"column":10},"end":{"line":94,"column":11}},"loc":{"start":{"line":94,"column":26},"end":{"line":97,"column":5}},"line":94},"5":{"name":"(anonymous_5)","decl":{"start":{"line":98,"column":9},"end":{"line":98,"column":10}},"loc":{"start":{"line":98,"column":31},"end":{"line":101,"column":5}},"line":98},"6":{"name":"createMockNext","decl":{"start":{"line":109,"column":16},"end":{"line":109,"column":30}},"loc":{"start":{"line":109,"column":33},"end":{"line":122,"column":1}},"line":109},"7":{"name":"(anonymous_7)","decl":{"start":{"line":110,"column":15},"end":{"line":110,"column":16}},"loc":{"start":{"line":110,"column":27},"end":{"line":110,"column":29}},"line":110},"8":{"name":"(anonymous_8)","decl":{"start":{"line":115,"column":9},"end":{"line":115,"column":10}},"loc":{"start":{"line":115,"column":26},"end":{"line":121,"column":3}},"line":115},"9":{"name":"createTestContext","decl":{"start":{"line":137,"column":16},"end":{"line":137,"column":33}},"loc":{"start":{"line":137,"column":36},"end":{"line":145,"column":1}},"line":137}},"branchMap":{"0":{"loc":{"start":{"line":65,"column":34},"end":{"line":65,"column":46}},"type":"default-arg","locations":[{"start":{"line":65,"column":44},"end":{"line":65,"column":46}}],"line":65},"1":{"loc":{"start":{"line":67,"column":12},"end":{"line":67,"column":35}},"type":"binary-expr","locations":[{"start":{"line":67,"column":12},"end":{"line":67,"column":26}},{"start":{"line":67,"column":30},"end":{"line":67,"column":35}}],"line":67},"2":{"loc":{"start":{"line":68,"column":10},"end":{"line":68,"column":29}},"type":"binary-expr","locations":[{"start":{"line":68,"column":10},"end":{"line":68,"column":22}},{"start":{"line":68,"column":26},"end":{"line":68,"column":29}}],"line":68},"3":{"loc":{"start":{"line":69,"column":13},"end":{"line":69,"column":34}},"type":"binary-expr","locations":[{"start":{"line":69,"column":13},"end":{"line":69,"column":28}},{"start":{"line":69,"column":32},"end":{"line":69,"column":34}}],"line":69},"4":{"loc":{"start":{"line":70,"column":11},"end":{"line":70,"column":30}},"type":"binary-expr","locations":[{"start":{"line":70,"column":11},"end":{"line":70,"column":24}},{"start":{"line":70,"column":28},"end":{"line":70,"column":30}}],"line":70},"5":{"loc":{"start":{"line":71,"column":12},"end":{"line":71,"column":32}},"type":"binary-expr","locations":[{"start":{"line":71,"column":12},"end":{"line":71,"column":26}},{"start":{"line":71,"column":30},"end":{"line":71,"column":32}}],"line":71},"6":{"loc":{"start":{"line":72,"column":10},"end":{"line":72,"column":28}},"type":"binary-expr","locations":[{"start":{"line":72,"column":10},"end":{"line":72,"column":22}},{"start":{"line":72,"column":26},"end":{"line":72,"column":28}}],"line":72},"7":{"loc":{"start":{"line":117,"column":4},"end":{"line":119,"column":5}},"type":"if","locations":[{"start":{"line":117,"column":4},"end":{"line":119,"column":5}},{"start":{},"end":{}}],"line":117}},"s":{"0":0,"1":0,"2":0,"3":0,"4":0,"5":0,"6":0,"7":0,"8":0,"9":0,"10":0,"11":0,"12":0,"13":0,"14":0,"15":0,"16":0,"17":0,"18":0,"19":0,"20":0,"21":0,"22":0,"23":0,"24":0},"f":{"0":0,"1":0,"2":0,"3":0,"4":0,"5":0,"6":0,"7":0,"8":0,"9":0},"b":{"0":[0],"1":[0,0],"2":[0,0],"3":[0,0],"4":[0,0],"5":[0,0],"6":[0,0],"7":[0,0]},"inputSourceMap":null}
,"/home/ryan/.openclaw/workspace/projects/dashboard/src/__tests__/utils/fileUtils.js": {"path":"/home/ryan/.openclaw/workspace/projects/dashboard/src/__tests__/utils/fileUtils.js","statementMap":{"0":{"start":{"line":13,"column":19},"end":{"line":13,"column":43}},"1":{"start":{"line":14,"column":2},"end":{"line":14,"column":46}},"2":{"start":{"line":15,"column":2},"end":{"line":15,"column":18}},"3":{"start":{"line":22,"column":18},"end":{"line":22,"column":47}},"4":{"start":{"line":23,"column":2},"end":{"line":25,"column":3}},"5":{"start":{"line":24,"column":4},"end":{"line":24,"column":47}},"6":{"start":{"line":26,"column":2},"end":{"line":26,"column":17}},"7":{"start":{"line":33,"column":2},"end":{"line":39,"column":3}},"8":{"start":{"line":34,"column":4},"end":{"line":36,"column":5}},"9":{"start":{"line":35,"column":6},"end":{"line":35,"column":30}},"10":{"start":{"line":38,"column":4},"end":{"line":38,"column":77}},"11":{"start":{"line":46,"column":2},"end":{"line":52,"column":3}},"12":{"start":{"line":47,"column":4},"end":{"line":49,"column":5}},"13":{"start":{"line":48,"column":6},"end":{"line":48,"column":59}},"14":{"start":{"line":51,"column":4},"end":{"line":51,"column":75}},"15":{"start":{"line":59,"column":19},"end":{"line":59,"column":34}},"16":{"start":{"line":60,"column":2},"end":{"line":60,"column":39}},"17":{"start":{"line":61,"column":2},"end":{"line":63,"column":4}},"18":{"start":{"line":62,"column":4},"end":{"line":62,"column":31}},"19":{"start":{"line":70,"column":19},"end":{"line":70,"column":35}},"20":{"start":{"line":71,"column":2},"end":{"line":71,"column":40}},"21":{"start":{"line":72,"column":2},"end":{"line":74,"column":4}},"22":{"start":{"line":73,"column":4},"end":{"line":73,"column":32}},"23":{"start":{"line":81,"column":2},"end":{"line":81,"column":36}},"24":{"start":{"line":81,"column":15},"end":{"line":81,"column":35}},"25":{"start":{"line":88,"column":18},"end":{"line":88,"column":20}},"26":{"start":{"line":89,"column":2},"end":{"line":97,"column":4}},"27":{"start":{"line":91,"column":6},"end":{"line":91,"column":53}},"28":{"start":{"line":93,"column":22},"end":{"line":93,"column":29}},"29":{"start":{"line":95,"column":6},"end":{"line":95,"column":25}}},"fnMap":{"0":{"name":"createTempFile","decl":{"start":{"line":12,"column":16},"end":{"line":12,"column":30}},"loc":{"start":{"line":12,"column":60},"end":{"line":16,"column":1}},"line":12},"1":{"name":"createTempDir","decl":{"start":{"line":21,"column":16},"end":{"line":21,"column":29}},"loc":{"start":{"line":21,"column":50},"end":{"line":27,"column":1}},"line":21},"2":{"name":"cleanupTempFile","decl":{"start":{"line":32,"column":16},"end":{"line":32,"column":31}},"loc":{"start":{"line":32,"column":42},"end":{"line":40,"column":1}},"line":32},"3":{"name":"cleanupTempDir","decl":{"start":{"line":45,"column":16},"end":{"line":45,"column":30}},"loc":{"start":{"line":45,"column":40},"end":{"line":53,"column":1}},"line":45},"4":{"name":"mockReadFileSync","decl":{"start":{"line":58,"column":16},"end":{"line":58,"column":32}},"loc":{"start":{"line":58,"column":53},"end":{"line":64,"column":1}},"line":58},"5":{"name":"(anonymous_5)","decl":{"start":{"line":61,"column":9},"end":{"line":61,"column":10}},"loc":{"start":{"line":61,"column":15},"end":{"line":63,"column":3}},"line":61},"6":{"name":"mockWriteFileSync","decl":{"start":{"line":69,"column":16},"end":{"line":69,"column":33}},"loc":{"start":{"line":69,"column":54},"end":{"line":75,"column":1}},"line":69},"7":{"name":"(anonymous_7)","decl":{"start":{"line":72,"column":9},"end":{"line":72,"column":10}},"loc":{"start":{"line":72,"column":15},"end":{"line":74,"column":3}},"line":72},"8":{"name":"createMockJsonReader","decl":{"start":{"line":80,"column":16},"end":{"line":80,"column":36}},"loc":{"start":{"line":80,"column":43},"end":{"line":82,"column":1}},"line":80},"9":{"name":"(anonymous_9)","decl":{"start":{"line":81,"column":9},"end":{"line":81,"column":10}},"loc":{"start":{"line":81,"column":15},"end":{"line":81,"column":35}},"line":81},"10":{"name":"createMockJsonWriter","decl":{"start":{"line":87,"column":16},"end":{"line":87,"column":36}},"loc":{"start":{"line":87,"column":39},"end":{"line":98,"column":1}},"line":87},"11":{"name":"(anonymous_11)","decl":{"start":{"line":90,"column":11},"end":{"line":90,"column":12}},"loc":{"start":{"line":90,"column":21},"end":{"line":92,"column":5}},"line":90},"12":{"name":"(anonymous_12)","decl":{"start":{"line":93,"column":16},"end":{"line":93,"column":17}},"loc":{"start":{"line":93,"column":22},"end":{"line":93,"column":29}},"line":93},"13":{"name":"(anonymous_13)","decl":{"start":{"line":94,"column":11},"end":{"line":94,"column":12}},"loc":{"start":{"line":94,"column":17},"end":{"line":96,"column":5}},"line":94}},"branchMap":{"0":{"loc":{"start":{"line":12,"column":46},"end":{"line":12,"column":58}},"type":"default-arg","locations":[{"start":{"line":12,"column":56},"end":{"line":12,"column":58}}],"line":12},"1":{"loc":{"start":{"line":23,"column":2},"end":{"line":25,"column":3}},"type":"if","locations":[{"start":{"line":23,"column":2},"end":{"line":25,"column":3}},{"start":{},"end":{}}],"line":23},"2":{"loc":{"start":{"line":34,"column":4},"end":{"line":36,"column":5}},"type":"if","locations":[{"start":{"line":34,"column":4},"end":{"line":36,"column":5}},{"start":{},"end":{}}],"line":34},"3":{"loc":{"start":{"line":47,"column":4},"end":{"line":49,"column":5}},"type":"if","locations":[{"start":{"line":47,"column":4},"end":{"line":49,"column":5}},{"start":{},"end":{}}],"line":47}},"s":{"0":0,"1":0,"2":0,"3":0,"4":0,"5":0,"6":0,"7":0,"8":0,"9":0,"10":0,"11":0,"12":0,"13":0,"14":0,"15":0,"16":0,"17":0,"18":0,"19":0,"20":0,"21":0,"22":0,"23":0,"24":0,"25":0,"26":0,"27":0,"28":0,"29":0},"f":{"0":0,"1":0,"2":0,"3":0,"4":0,"5":0,"6":0,"7":0,"8":0,"9":0,"10":0,"11":0,"12":0,"13":0},"b":{"0":[0],"1":[0,0],"2":[0,0],"3":[0,0]},"inputSourceMap":null}
,"/home/ryan/.openclaw/workspace/projects/dashboard/src/__tests__/utils/processUtils.js": {"path":"/home/ryan/.openclaw/workspace/projects/dashboard/src/__tests__/utils/processUtils.js","statementMap":{"0":{"start":{"line":11,"column":4},"end":{"line":11,"column":36}},"1":{"start":{"line":12,"column":4},"end":{"line":12,"column":45}},"2":{"start":{"line":13,"column":4},"end":{"line":13,"column":24}},"3":{"start":{"line":14,"column":4},"end":{"line":14,"column":24}},"4":{"start":{"line":15,"column":4},"end":{"line":15,"column":22}},"5":{"start":{"line":19,"column":4},"end":{"line":19,"column":30}},"6":{"start":{"line":20,"column":4},"end":{"line":20,"column":23}},"7":{"start":{"line":21,"column":4},"end":{"line":21,"column":22}},"8":{"start":{"line":22,"column":4},"end":{"line":22,"column":38}},"9":{"start":{"line":23,"column":4},"end":{"line":23,"column":16}},"10":{"start":{"line":27,"column":4},"end":{"line":29,"column":5}},"11":{"start":{"line":28,"column":6},"end":{"line":28,"column":33}},"12":{"start":{"line":30,"column":4},"end":{"line":30,"column":41}},"13":{"start":{"line":31,"column":4},"end":{"line":31,"column":16}},"14":{"start":{"line":35,"column":28},"end":{"line":38,"column":5}},"15":{"start":{"line":36,"column":6},"end":{"line":36,"column":24}},"16":{"start":{"line":37,"column":6},"end":{"line":37,"column":50}},"17":{"start":{"line":39,"column":4},"end":{"line":39,"column":43}},"18":{"start":{"line":43,"column":4},"end":{"line":47,"column":5}},"19":{"start":{"line":44,"column":6},"end":{"line":46,"column":8}},"20":{"start":{"line":45,"column":16},"end":{"line":45,"column":31}},"21":{"start":{"line":48,"column":4},"end":{"line":48,"column":16}},"22":{"start":{"line":52,"column":4},"end":{"line":54,"column":5}},"23":{"start":{"line":53,"column":6},"end":{"line":53,"column":57}},"24":{"start":{"line":53,"column":44},"end":{"line":53,"column":55}},"25":{"start":{"line":58,"column":4},"end":{"line":58,"column":24}},"26":{"start":{"line":66,"column":20},"end":{"line":66,"column":22}},"27":{"start":{"line":68,"column":16},"end":{"line":76,"column":3}},"28":{"start":{"line":69,"column":24},"end":{"line":69,"column":48}},"29":{"start":{"line":70,"column":4},"end":{"line":74,"column":7}},"30":{"start":{"line":75,"column":4},"end":{"line":75,"column":23}},"31":{"start":{"line":78,"column":2},"end":{"line":78,"column":39}},"32":{"start":{"line":78,"column":29},"end":{"line":78,"column":38}},"33":{"start":{"line":79,"column":2},"end":{"line":81,"column":4}},"34":{"start":{"line":80,"column":4},"end":{"line":80,"column":25}},"35":{"start":{"line":82,"column":2},"end":{"line":82,"column":63}},"36":{"start":{"line":82,"column":31},"end":{"line":82,"column":62}},"37":{"start":{"line":84,"column":2},"end":{"line":84,"column":15}},"38":{"start":{"line":91,"column":20},"end":{"line":91,"column":37}},"39":{"start":{"line":93,"column":2},"end":{"line":109,"column":4}},"40":{"start":{"line":96,"column":26},"end":{"line":96,"column":43}},"41":{"start":{"line":97,"column":6},"end":{"line":99,"column":12}},"42":{"start":{"line":98,"column":8},"end":{"line":98,"column":31}},"43":{"start":{"line":100,"column":6},"end":{"line":100,"column":25}},"44":{"start":{"line":103,"column":26},"end":{"line":103,"column":43}},"45":{"start":{"line":104,"column":6},"end":{"line":106,"column":12}},"46":{"start":{"line":105,"column":8},"end":{"line":105,"column":31}},"47":{"start":{"line":107,"column":6},"end":{"line":107,"column":25}},"48":{"start":{"line":117,"column":4},"end":{"line":117,"column":31}},"49":{"start":{"line":118,"column":4},"end":{"line":118,"column":30}},"50":{"start":{"line":122,"column":24},"end":{"line":122,"column":41}},"51":{"start":{"line":123,"column":4},"end":{"line":123,"column":72}},"52":{"start":{"line":125,"column":25},"end":{"line":125,"column":59}},"53":{"start":{"line":126,"column":4},"end":{"line":129,"column":6}},"54":{"start":{"line":127,"column":6},"end":{"line":127,"column":74}},"55":{"start":{"line":128,"column":6},"end":{"line":128,"column":34}},"56":{"start":{"line":131,"column":4},"end":{"line":131,"column":23}},"57":{"start":{"line":135,"column":4},"end":{"line":135,"column":33}},"58":{"start":{"line":139,"column":4},"end":{"line":139,"column":32}},"59":{"start":{"line":143,"column":4},"end":{"line":143,"column":31}},"60":{"start":{"line":144,"column":4},"end":{"line":144,"column":30}}},"fnMap":{"0":{"name":"(anonymous_0)","decl":{"start":{"line":10,"column":2},"end":{"line":10,"column":3}},"loc":{"start":{"line":10,"column":28},"end":{"line":16,"column":3}},"line":10},"1":{"name":"(anonymous_1)","decl":{"start":{"line":18,"column":2},"end":{"line":18,"column":3}},"loc":{"start":{"line":18,"column":27},"end":{"line":24,"column":3}},"line":18},"2":{"name":"(anonymous_2)","decl":{"start":{"line":26,"column":2},"end":{"line":26,"column":3}},"loc":{"start":{"line":26,"column":22},"end":{"line":32,"column":3}},"line":26},"3":{"name":"(anonymous_3)","decl":{"start":{"line":34,"column":2},"end":{"line":34,"column":3}},"loc":{"start":{"line":34,"column":24},"end":{"line":40,"column":3}},"line":34},"4":{"name":"(anonymous_4)","decl":{"start":{"line":35,"column":28},"end":{"line":35,"column":29}},"loc":{"start":{"line":35,"column":41},"end":{"line":38,"column":5}},"line":35},"5":{"name":"(anonymous_5)","decl":{"start":{"line":42,"column":2},"end":{"line":42,"column":3}},"loc":{"start":{"line":42,"column":34},"end":{"line":49,"column":3}},"line":42},"6":{"name":"(anonymous_6)","decl":{"start":{"line":45,"column":8},"end":{"line":45,"column":9}},"loc":{"start":{"line":45,"column":16},"end":{"line":45,"column":31}},"line":45},"7":{"name":"(anonymous_7)","decl":{"start":{"line":51,"column":2},"end":{"line":51,"column":3}},"loc":{"start":{"line":51,"column":24},"end":{"line":55,"column":3}},"line":51},"8":{"name":"(anonymous_8)","decl":{"start":{"line":53,"column":36},"end":{"line":53,"column":37}},"loc":{"start":{"line":53,"column":44},"end":{"line":53,"column":55}},"line":53},"9":{"name":"(anonymous_9)","decl":{"start":{"line":57,"column":2},"end":{"line":57,"column":3}},"loc":{"start":{"line":57,"column":15},"end":{"line":59,"column":3}},"line":57},"10":{"name":"createMockSpawn","decl":{"start":{"line":65,"column":16},"end":{"line":65,"column":31}},"loc":{"start":{"line":65,"column":46},"end":{"line":85,"column":1}},"line":65},"11":{"name":"(anonymous_11)","decl":{"start":{"line":68,"column":16},"end":{"line":68,"column":17}},"loc":{"start":{"line":68,"column":29},"end":{"line":76,"column":3}},"line":68},"12":{"name":"(anonymous_12)","decl":{"start":{"line":78,"column":23},"end":{"line":78,"column":24}},"loc":{"start":{"line":78,"column":29},"end":{"line":78,"column":38}},"line":78},"13":{"name":"(anonymous_13)","decl":{"start":{"line":79,"column":16},"end":{"line":79,"column":17}},"loc":{"start":{"line":79,"column":22},"end":{"line":81,"column":3}},"line":79},"14":{"name":"(anonymous_14)","decl":{"start":{"line":82,"column":25},"end":{"line":82,"column":26}},"loc":{"start":{"line":82,"column":31},"end":{"line":82,"column":62}},"line":82},"15":{"name":"createMockChildProcess","decl":{"start":{"line":90,"column":16},"end":{"line":90,"column":38}},"loc":{"start":{"line":90,"column":41},"end":{"line":110,"column":1}},"line":90},"16":{"name":"(anonymous_16)","decl":{"start":{"line":95,"column":10},"end":{"line":95,"column":11}},"loc":{"start":{"line":95,"column":33},"end":{"line":101,"column":5}},"line":95},"17":{"name":"(anonymous_17)","decl":{"start":{"line":97,"column":17},"end":{"line":97,"column":18}},"loc":{"start":{"line":97,"column":23},"end":{"line":99,"column":7}},"line":97},"18":{"name":"(anonymous_18)","decl":{"start":{"line":102,"column":14},"end":{"line":102,"column":15}},"loc":{"start":{"line":102,"column":40},"end":{"line":108,"column":5}},"line":102},"19":{"name":"(anonymous_19)","decl":{"start":{"line":104,"column":17},"end":{"line":104,"column":18}},"loc":{"start":{"line":104,"column":23},"end":{"line":106,"column":7}},"line":104},"20":{"name":"(anonymous_20)","decl":{"start":{"line":116,"column":2},"end":{"line":116,"column":3}},"loc":{"start":{"line":116,"column":16},"end":{"line":119,"column":3}},"line":116},"21":{"name":"(anonymous_21)","decl":{"start":{"line":121,"column":2},"end":{"line":121,"column":3}},"loc":{"start":{"line":121,"column":28},"end":{"line":132,"column":3}},"line":121},"22":{"name":"(anonymous_22)","decl":{"start":{"line":126,"column":23},"end":{"line":126,"column":24}},"loc":{"start":{"line":126,"column":35},"end":{"line":129,"column":5}},"line":126},"23":{"name":"(anonymous_23)","decl":{"start":{"line":134,"column":2},"end":{"line":134,"column":3}},"loc":{"start":{"line":134,"column":24},"end":{"line":136,"column":3}},"line":134},"24":{"name":"(anonymous_24)","decl":{"start":{"line":138,"column":2},"end":{"line":138,"column":3}},"loc":{"start":{"line":138,"column":23},"end":{"line":140,"column":3}},"line":138},"25":{"name":"(anonymous_25)","decl":{"start":{"line":142,"column":2},"end":{"line":142,"column":3}},"loc":{"start":{"line":142,"column":10},"end":{"line":145,"column":3}},"line":142}},"branchMap":{"0":{"loc":{"start":{"line":10,"column":14},"end":{"line":10,"column":26}},"type":"default-arg","locations":[{"start":{"line":10,"column":24},"end":{"line":10,"column":26}}],"line":10},"1":{"loc":{"start":{"line":11,"column":15},"end":{"line":11,"column":35}},"type":"binary-expr","locations":[{"start":{"line":11,"column":15},"end":{"line":11,"column":26}},{"start":{"line":11,"column":30},"end":{"line":11,"column":35}}],"line":11},"2":{"loc":{"start":{"line":12,"column":20},"end":{"line":12,"column":44}},"type":"binary-expr","locations":[{"start":{"line":12,"column":20},"end":{"line":12,"column":36}},{"start":{"line":12,"column":40},"end":{"line":12,"column":44}}],"line":12},"3":{"loc":{"start":{"line":18,"column":7},"end":{"line":18,"column":25}},"type":"default-arg","locations":[{"start":{"line":18,"column":16},"end":{"line":18,"column":25}}],"line":18},"4":{"loc":{"start":{"line":27,"column":4},"end":{"line":29,"column":5}},"type":"if","locations":[{"start":{"line":27,"column":4},"end":{"line":29,"column":5}},{"start":{},"end":{}}],"line":27},"5":{"loc":{"start":{"line":43,"column":4},"end":{"line":47,"column":5}},"type":"if","locations":[{"start":{"line":43,"column":4},"end":{"line":47,"column":5}},{"start":{},"end":{}}],"line":43},"6":{"loc":{"start":{"line":52,"column":4},"end":{"line":54,"column":5}},"type":"if","locations":[{"start":{"line":52,"column":4},"end":{"line":54,"column":5}},{"start":{},"end":{}}],"line":52},"7":{"loc":{"start":{"line":65,"column":32},"end":{"line":65,"column":44}},"type":"default-arg","locations":[{"start":{"line":65,"column":42},"end":{"line":65,"column":44}}],"line":65},"8":{"loc":{"start":{"line":72,"column":12},"end":{"line":72,"column":25}},"type":"binary-expr","locations":[{"start":{"line":72,"column":12},"end":{"line":72,"column":19}},{"start":{"line":72,"column":23},"end":{"line":72,"column":25}}],"line":72},"9":{"loc":{"start":{"line":127,"column":51},"end":{"line":127,"column":70}},"type":"binary-expr","locations":[{"start":{"line":127,"column":51},"end":{"line":127,"column":57}},{"start":{"line":127,"column":61},"end":{"line":127,"column":70}}],"line":127}},"s":{"0":0,"1":0,"2":0,"3":0,"4":0,"5":0,"6":0,"7":0,"8":0,"9":0,"10":0,"11":0,"12":0,"13":0,"14":0,"15":0,"16":0,"17":0,"18":0,"19":0,"20":0,"21":0,"22":0,"23":0,"24":0,"25":0,"26":0,"27":0,"28":0,"29":0,"30":0,"31":0,"32":0,"33":0,"34":0,"35":0,"36":0,"37":0,"38":0,"39":0,"40":0,"41":0,"42":0,"43":0,"44":0,"45":0,"46":0,"47":0,"48":0,"49":0,"50":0,"51":0,"52":0,"53":0,"54":0,"55":0,"56":0,"57":0,"58":0,"59":0,"60":0},"f":{"0":0,"1":0,"2":0,"3":0,"4":0,"5":0,"6":0,"7":0,"8":0,"9":0,"10":0,"11":0,"12":0,"13":0,"14":0,"15":0,"16":0,"17":0,"18":0,"19":0,"20":0,"21":0,"22":0,"23":0,"24":0,"25":0},"b":{"0":[0],"1":[0,0],"2":[0,0],"3":[0],"4":[0,0],"5":[0,0],"6":[0,0],"7":[0],"8":[0,0],"9":[0,0]},"inputSourceMap":null}
,"/home/ryan/.openclaw/workspace/projects/dashboard/src/config/index.js": {"path":"/home/ryan/.openclaw/workspace/projects/dashboard/src/config/index.js","statementMap":{"0":{"start":{"line":5,"column":19},"end":{"line":5,"column":49}},"1":{"start":{"line":6,"column":18},"end":{"line":6,"column":42}},"2":{"start":{"line":8,"column":16},"end":{"line":8,"column":49}},"3":{"start":{"line":12,"column":18},"end":{"line":12,"column":34}},"4":{"start":{"line":13,"column":2},"end":{"line":20,"column":3}},"5":{"start":{"line":14,"column":19},"end":{"line":14,"column":40}},"6":{"start":{"line":15,"column":4},"end":{"line":18,"column":5}},"7":{"start":{"line":16,"column":6},"end":{"line":16,"column":66}},"8":{"start":{"line":17,"column":6},"end":{"line":17,"column":18}},"9":{"start":{"line":19,"column":4},"end":{"line":19,"column":18}},"10":{"start":{"line":21,"column":2},"end":{"line":21,"column":14}},"11":{"start":{"line":26,"column":2},"end":{"line":26,"column":59}},"12":{"start":{"line":29,"column":22},"end":{"line":40,"column":1}},"13":{"start":{"line":43,"column":2},"end":{"line":49,"column":3}},"14":{"start":{"line":44,"column":23},"end":{"line":44,"column":41}},"15":{"start":{"line":45,"column":4},"end":{"line":45,"column":59}},"16":{"start":{"line":47,"column":4},"end":{"line":47,"column":65}},"17":{"start":{"line":48,"column":4},"end":{"line":48,"column":47}}},"fnMap":{"0":{"name":"getPort","decl":{"start":{"line":11,"column":9},"end":{"line":11,"column":16}},"loc":{"start":{"line":11,"column":19},"end":{"line":22,"column":1}},"line":11},"1":{"name":"getLogDir","decl":{"start":{"line":25,"column":9},"end":{"line":25,"column":18}},"loc":{"start":{"line":25,"column":21},"end":{"line":27,"column":1}},"line":25},"2":{"name":"loadProjectConfig","decl":{"start":{"line":42,"column":16},"end":{"line":42,"column":33}},"loc":{"start":{"line":42,"column":36},"end":{"line":50,"column":1}},"line":42}},"branchMap":{"0":{"loc":{"start":{"line":13,"column":2},"end":{"line":20,"column":3}},"type":"if","locations":[{"start":{"line":13,"column":2},"end":{"line":20,"column":3}},{"start":{},"end":{}}],"line":13},"1":{"loc":{"start":{"line":15,"column":4},"end":{"line":18,"column":5}},"type":"if","locations":[{"start":{"line":15,"column":4},"end":{"line":18,"column":5}},{"start":{},"end":{}}],"line":15},"2":{"loc":{"start":{"line":15,"column":8},"end":{"line":15,"column":53}},"type":"binary-expr","locations":[{"start":{"line":15,"column":8},"end":{"line":15,"column":21}},{"start":{"line":15,"column":25},"end":{"line":15,"column":35}},{"start":{"line":15,"column":39},"end":{"line":15,"column":53}}],"line":15},"3":{"loc":{"start":{"line":26,"column":9},"end":{"line":26,"column":58}},"type":"binary-expr","locations":[{"start":{"line":26,"column":9},"end":{"line":26,"column":28}},{"start":{"line":26,"column":32},"end":{"line":26,"column":58}}],"line":26},"4":{"loc":{"start":{"line":31,"column":7},"end":{"line":31,"column":44}},"type":"binary-expr","locations":[{"start":{"line":31,"column":7},"end":{"line":31,"column":27}},{"start":{"line":31,"column":31},"end":{"line":31,"column":44}}],"line":31}},"s":{"0":0,"1":0,"2":0,"3":0,"4":0,"5":0,"6":0,"7":0,"8":0,"9":0,"10":0,"11":0,"12":0,"13":0,"14":0,"15":0,"16":0,"17":0},"f":{"0":0,"1":0,"2":0},"b":{"0":[0,0],"1":[0,0],"2":[0,0,0],"3":[0,0],"4":[0,0]},"inputSourceMap":null}
,"/home/ryan/.openclaw/workspace/projects/dashboard/src/config/validator.js": {"path":"/home/ryan/.openclaw/workspace/projects/dashboard/src/config/validator.js","statementMap":{"0":{"start":{"line":12,"column":2},"end":{"line":14,"column":3}},"1":{"start":{"line":13,"column":4},"end":{"line":13,"column":65}},"2":{"start":{"line":17,"column":2},"end":{"line":19,"column":3}},"3":{"start":{"line":18,"column":4},"end":{"line":18,"column":68}},"4":{"start":{"line":21,"column":2},"end":{"line":25,"column":3}},"5":{"start":{"line":22,"column":4},"end":{"line":24,"column":6}},"6":{"start":{"line":27,"column":2},"end":{"line":31,"column":3}},"7":{"start":{"line":28,"column":4},"end":{"line":30,"column":6}},"8":{"start":{"line":34,"column":2},"end":{"line":42,"column":3}},"9":{"start":{"line":35,"column":4},"end":{"line":41,"column":6}},"10":{"start":{"line":45,"column":2},"end":{"line":47,"column":5}},"11":{"start":{"line":46,"column":4},"end":{"line":46,"column":36}},"12":{"start":{"line":57,"column":2},"end":{"line":61,"column":3}},"13":{"start":{"line":58,"column":4},"end":{"line":60,"column":6}},"14":{"start":{"line":63,"column":25},"end":{"line":63,"column":63}},"15":{"start":{"line":65,"column":2},"end":{"line":71,"column":3}},"16":{"start":{"line":66,"column":4},"end":{"line":70,"column":5}},"17":{"start":{"line":67,"column":6},"end":{"line":69,"column":8}},"18":{"start":{"line":74,"column":2},"end":{"line":78,"column":3}},"19":{"start":{"line":75,"column":4},"end":{"line":77,"column":6}},"20":{"start":{"line":81,"column":2},"end":{"line":85,"column":3}},"21":{"start":{"line":82,"column":4},"end":{"line":84,"column":6}},"22":{"start":{"line":88,"column":2},"end":{"line":92,"column":3}},"23":{"start":{"line":89,"column":4},"end":{"line":91,"column":6}},"24":{"start":{"line":95,"column":2},"end":{"line":99,"column":3}},"25":{"start":{"line":96,"column":4},"end":{"line":98,"column":6}},"26":{"start":{"line":102,"column":2},"end":{"line":106,"column":3}},"27":{"start":{"line":103,"column":4},"end":{"line":105,"column":6}},"28":{"start":{"line":108,"column":2},"end":{"line":116,"column":3}},"29":{"start":{"line":113,"column":4},"end":{"line":115,"column":6}}},"fnMap":{"0":{"name":"validateConfig","decl":{"start":{"line":11,"column":16},"end":{"line":11,"column":30}},"loc":{"start":{"line":11,"column":39},"end":{"line":48,"column":1}},"line":11},"1":{"name":"(anonymous_1)","decl":{"start":{"line":45,"column":26},"end":{"line":45,"column":27}},"loc":{"start":{"line":45,"column":46},"end":{"line":47,"column":3}},"line":45},"2":{"name":"validateProject","decl":{"start":{"line":56,"column":16},"end":{"line":56,"column":31}},"loc":{"start":{"line":56,"column":48},"end":{"line":117,"column":1}},"line":56}},"branchMap":{"0":{"loc":{"start":{"line":12,"column":2},"end":{"line":14,"column":3}},"type":"if","locations":[{"start":{"line":12,"column":2},"end":{"line":14,"column":3}},{"start":{},"end":{}}],"line":12},"1":{"loc":{"start":{"line":12,"column":6},"end":{"line":12,"column":100}},"type":"binary-expr","locations":[{"start":{"line":12,"column":6},"end":{"line":12,"column":21}},{"start":{"line":12,"column":25},"end":{"line":12,"column":45}},{"start":{"line":12,"column":49},"end":{"line":12,"column":75}},{"start":{"line":12,"column":79},"end":{"line":12,"column":100}}],"line":12},"2":{"loc":{"start":{"line":17,"column":2},"end":{"line":19,"column":3}},"type":"if","locations":[{"start":{"line":17,"column":2},"end":{"line":19,"column":3}},{"start":{},"end":{}}],"line":17},"3":{"loc":{"start":{"line":21,"column":2},"end":{"line":25,"column":3}},"type":"if","locations":[{"start":{"line":21,"column":2},"end":{"line":25,"column":3}},{"start":{},"end":{}}],"line":21},"4":{"loc":{"start":{"line":27,"column":2},"end":{"line":31,"column":3}},"type":"if","locations":[{"start":{"line":27,"column":2},"end":{"line":31,"column":3}},{"start":{},"end":{}}],"line":27},"5":{"loc":{"start":{"line":27,"column":6},"end":{"line":27,"column":78}},"type":"binary-expr","locations":[{"start":{"line":27,"column":6},"end":{"line":27,"column":36}},{"start":{"line":27,"column":40},"end":{"line":27,"column":55}},{"start":{"line":27,"column":59},"end":{"line":27,"column":78}}],"line":27},"6":{"loc":{"start":{"line":34,"column":2},"end":{"line":42,"column":3}},"type":"if","locations":[{"start":{"line":34,"column":2},"end":{"line":42,"column":3}},{"start":{},"end":{}}],"line":34},"7":{"loc":{"start":{"line":37,"column":8},"end":{"line":39,"column":34}},"type":"cond-expr","locations":[{"start":{"line":38,"column":12},"end":{"line":38,"column":23}},{"start":{"line":39,"column":12},"end":{"line":39,"column":34}}],"line":37},"8":{"loc":{"start":{"line":57,"column":2},"end":{"line":61,"column":3}},"type":"if","locations":[{"start":{"line":57,"column":2},"end":{"line":61,"column":3}},{"start":{},"end":{}}],"line":57},"9":{"loc":{"start":{"line":57,"column":6},"end":{"line":57,"column":45}},"type":"binary-expr","locations":[{"start":{"line":57,"column":6},"end":{"line":57,"column":14}},{"start":{"line":57,"column":18},"end":{"line":57,"column":45}}],"line":57},"10":{"loc":{"start":{"line":66,"column":4},"end":{"line":70,"column":5}},"type":"if","locations":[{"start":{"line":66,"column":4},"end":{"line":70,"column":5}},{"start":{},"end":{}}],"line":66},"11":{"loc":{"start":{"line":74,"column":2},"end":{"line":78,"column":3}},"type":"if","locations":[{"start":{"line":74,"column":2},"end":{"line":78,"column":3}},{"start":{},"end":{}}],"line":74},"12":{"loc":{"start":{"line":74,"column":6},"end":{"line":74,"column":64}},"type":"binary-expr","locations":[{"start":{"line":74,"column":6},"end":{"line":74,"column":36}},{"start":{"line":74,"column":40},"end":{"line":74,"column":64}}],"line":74},"13":{"loc":{"start":{"line":81,"column":2},"end":{"line":85,"column":3}},"type":"if","locations":[{"start":{"line":81,"column":2},"end":{"line":85,"column":3}},{"start":{},"end":{}}],"line":81},"14":{"loc":{"start":{"line":81,"column":6},"end":{"line":81,"column":68}},"type":"binary-expr","locations":[{"start":{"line":81,"column":6},"end":{"line":81,"column":38}},{"start":{"line":81,"column":42},"end":{"line":81,"column":68}}],"line":81},"15":{"loc":{"start":{"line":88,"column":2},"end":{"line":92,"column":3}},"type":"if","locations":[{"start":{"line":88,"column":2},"end":{"line":92,"column":3}},{"start":{},"end":{}}],"line":88},"16":{"loc":{"start":{"line":88,"column":6},"end":{"line":88,"column":66}},"type":"binary-expr","locations":[{"start":{"line":88,"column":6},"end":{"line":88,"column":37}},{"start":{"line":88,"column":41},"end":{"line":88,"column":66}}],"line":88},"17":{"loc":{"start":{"line":95,"column":2},"end":{"line":99,"column":3}},"type":"if","locations":[{"start":{"line":95,"column":2},"end":{"line":99,"column":3}},{"start":{},"end":{}}],"line":95},"18":{"loc":{"start":{"line":95,"column":6},"end":{"line":95,"column":70}},"type":"binary-expr","locations":[{"start":{"line":95,"column":6},"end":{"line":95,"column":39}},{"start":{"line":95,"column":43},"end":{"line":95,"column":70}}],"line":95},"19":{"loc":{"start":{"line":102,"column":2},"end":{"line":106,"column":3}},"type":"if","locations":[{"start":{"line":102,"column":2},"end":{"line":106,"column":3}},{"start":{},"end":{}}],"line":102},"20":{"loc":{"start":{"line":108,"column":2},"end":{"line":116,"column":3}},"type":"if","locations":[{"start":{"line":108,"column":2},"end":{"line":116,"column":3}},{"start":{},"end":{}}],"line":108},"21":{"loc":{"start":{"line":109,"column":4},"end":{"line":111,"column":24}},"type":"binary-expr","locations":[{"start":{"line":109,"column":4},"end":{"line":109,"column":35}},{"start":{"line":110,"column":4},"end":{"line":110,"column":20}},{"start":{"line":111,"column":4},"end":{"line":111,"column":24}}],"line":109}},"s":{"0":0,"1":0,"2":0,"3":0,"4":0,"5":0,"6":0,"7":0,"8":0,"9":0,"10":0,"11":0,"12":0,"13":0,"14":0,"15":0,"16":0,"17":0,"18":0,"19":0,"20":0,"21":0,"22":0,"23":0,"24":0,"25":0,"26":0,"27":0,"28":0,"29":0},"f":{"0":0,"1":0,"2":0},"b":{"0":[0,0],"1":[0,0,0,0],"2":[0,0],"3":[0,0],"4":[0,0],"5":[0,0,0],"6":[0,0],"7":[0,0],"8":[0,0],"9":[0,0],"10":[0,0],"11":[0,0],"12":[0,0],"13":[0,0],"14":[0,0],"15":[0,0],"16":[0,0],"17":[0,0],"18":[0,0],"19":[0,0],"20":[0,0],"21":[0,0,0]},"inputSourceMap":null}
,"/home/ryan/.openclaw/workspace/projects/dashboard/src/middleware/errorHandler.js": {"path":"/home/ryan/.openclaw/workspace/projects/dashboard/src/middleware/errorHandler.js","statementMap":{"0":{"start":{"line":16,"column":17},"end":{"line":16,"column":52}},"1":{"start":{"line":19,"column":18},"end":{"line":19,"column":56}},"2":{"start":{"line":22,"column":2},"end":{"line":26,"column":5}},"3":{"start":{"line":29,"column":19},"end":{"line":32,"column":3}},"4":{"start":{"line":35,"column":2},"end":{"line":44,"column":3}},"5":{"start":{"line":36,"column":4},"end":{"line":40,"column":6}},"6":{"start":{"line":41,"column":4},"end":{"line":43,"column":5}},"7":{"start":{"line":42,"column":6},"end":{"line":42,"column":33}},"8":{"start":{"line":47,"column":2},"end":{"line":47,"column":36}},"9":{"start":{"line":59,"column":14},"end":{"line":59,"column":69}},"10":{"start":{"line":60,"column":2},"end":{"line":60,"column":19}},"11":{"start":{"line":61,"column":2},"end":{"line":61,"column":12}}},"fnMap":{"0":{"name":"errorHandler","decl":{"start":{"line":14,"column":16},"end":{"line":14,"column":28}},"loc":{"start":{"line":14,"column":50},"end":{"line":48,"column":1}},"line":14},"1":{"name":"notFoundHandler","decl":{"start":{"line":58,"column":16},"end":{"line":58,"column":31}},"loc":{"start":{"line":58,"column":48},"end":{"line":62,"column":1}},"line":58}},"branchMap":{"0":{"loc":{"start":{"line":16,"column":17},"end":{"line":16,"column":52}},"type":"binary-expr","locations":[{"start":{"line":16,"column":17},"end":{"line":16,"column":27}},{"start":{"line":16,"column":31},"end":{"line":16,"column":45}},{"start":{"line":16,"column":49},"end":{"line":16,"column":52}}],"line":16},"1":{"loc":{"start":{"line":19,"column":18},"end":{"line":19,"column":56}},"type":"binary-expr","locations":[{"start":{"line":19,"column":18},"end":{"line":19,"column":29}},{"start":{"line":19,"column":33},"end":{"line":19,"column":56}}],"line":19},"2":{"loc":{"start":{"line":35,"column":2},"end":{"line":44,"column":3}},"type":"if","locations":[{"start":{"line":35,"column":2},"end":{"line":44,"column":3}},{"start":{},"end":{}}],"line":35},"3":{"loc":{"start":{"line":41,"column":4},"end":{"line":43,"column":5}},"type":"if","locations":[{"start":{"line":41,"column":4},"end":{"line":43,"column":5}},{"start":{},"end":{}}],"line":41}},"s":{"0":0,"1":0,"2":0,"3":0,"4":0,"5":0,"6":0,"7":0,"8":0,"9":0,"10":0,"11":0},"f":{"0":0,"1":0},"b":{"0":[0,0,0],"1":[0,0],"2":[0,0],"3":[0,0]},"inputSourceMap":null}
,"/home/ryan/.openclaw/workspace/projects/dashboard/src/middleware/index.js": {"path":"/home/ryan/.openclaw/workspace/projects/dashboard/src/middleware/index.js","statementMap":{"0":{"start":{"line":6,"column":16},"end":{"line":6,"column":26}},"1":{"start":{"line":7,"column":2},"end":{"line":10,"column":5}},"2":{"start":{"line":8,"column":21},"end":{"line":8,"column":39}},"3":{"start":{"line":9,"column":4},"end":{"line":9,"column":77}},"4":{"start":{"line":11,"column":2},"end":{"line":11,"column":9}}},"fnMap":{"0":{"name":"loggerMiddleware","decl":{"start":{"line":5,"column":16},"end":{"line":5,"column":32}},"loc":{"start":{"line":5,"column":49},"end":{"line":12,"column":1}},"line":5},"1":{"name":"(anonymous_1)","decl":{"start":{"line":7,"column":19},"end":{"line":7,"column":20}},"loc":{"start":{"line":7,"column":25},"end":{"line":10,"column":3}},"line":7}},"branchMap":{},"s":{"0":0,"1":0,"2":0,"3":0,"4":0},"f":{"0":0,"1":0},"b":{},"inputSourceMap":null}
,"/home/ryan/.openclaw/workspace/projects/dashboard/src/middleware/requestLogger.js": {"path":"/home/ryan/.openclaw/workspace/projects/dashboard/src/middleware/requestLogger.js","statementMap":{"0":{"start":{"line":9,"column":16},"end":{"line":9,"column":26}},"1":{"start":{"line":10,"column":20},"end":{"line":10,"column":44}},"2":{"start":{"line":12,"column":2},"end":{"line":35,"column":5}},"3":{"start":{"line":13,"column":21},"end":{"line":13,"column":39}},"4":{"start":{"line":14,"column":19},"end":{"line":14,"column":33}},"5":{"start":{"line":15,"column":19},"end":{"line":15,"column":29}},"6":{"start":{"line":16,"column":17},"end":{"line":16,"column":25}},"7":{"start":{"line":19,"column":23},"end":{"line":19,"column":81}},"8":{"start":{"line":22,"column":4},"end":{"line":24,"column":5}},"9":{"start":{"line":23,"column":6},"end":{"line":23,"column":30}},"10":{"start":{"line":27,"column":4},"end":{"line":34,"column":5}},"11":{"start":{"line":28,"column":6},"end":{"line":28,"column":48}},"12":{"start":{"line":31,"column":6},"end":{"line":33,"column":7}},"13":{"start":{"line":32,"column":8},"end":{"line":32,"column":69}},"14":{"start":{"line":37,"column":2},"end":{"line":37,"column":9}}},"fnMap":{"0":{"name":"requestLoggerMiddleware","decl":{"start":{"line":8,"column":16},"end":{"line":8,"column":39}},"loc":{"start":{"line":8,"column":56},"end":{"line":38,"column":1}},"line":8},"1":{"name":"(anonymous_1)","decl":{"start":{"line":12,"column":19},"end":{"line":12,"column":20}},"loc":{"start":{"line":12,"column":25},"end":{"line":35,"column":3}},"line":12}},"branchMap":{"0":{"loc":{"start":{"line":22,"column":4},"end":{"line":24,"column":5}},"type":"if","locations":[{"start":{"line":22,"column":4},"end":{"line":24,"column":5}},{"start":{},"end":{}}],"line":22},"1":{"loc":{"start":{"line":31,"column":6},"end":{"line":33,"column":7}},"type":"if","locations":[{"start":{"line":31,"column":6},"end":{"line":33,"column":7}},{"start":{},"end":{}}],"line":31}},"s":{"0":0,"1":0,"2":0,"3":0,"4":0,"5":0,"6":0,"7":0,"8":0,"9":0,"10":0,"11":0,"12":0,"13":0,"14":0},"f":{"0":0,"1":0},"b":{"0":[0,0],"1":[0,0]},"inputSourceMap":null}
,"/home/ryan/.openclaw/workspace/projects/dashboard/src/middleware/staticFiles.js": {"path":"/home/ryan/.openclaw/workspace/projects/dashboard/src/middleware/staticFiles.js","statementMap":{"0":{"start":{"line":19,"column":2},"end":{"line":21,"column":3}},"1":{"start":{"line":20,"column":4},"end":{"line":20,"column":18}},"2":{"start":{"line":24,"column":17},"end":{"line":24,"column":56}},"3":{"start":{"line":27,"column":25},"end":{"line":27,"column":49}},"4":{"start":{"line":28,"column":2},"end":{"line":30,"column":3}},"5":{"start":{"line":29,"column":4},"end":{"line":29,"column":18}},"6":{"start":{"line":33,"column":2},"end":{"line":77,"column":3}},"7":{"start":{"line":35,"column":4},"end":{"line":37,"column":5}},"8":{"start":{"line":36,"column":6},"end":{"line":36,"column":51}},"9":{"start":{"line":40,"column":4},"end":{"line":76,"column":5}},"10":{"start":{"line":41,"column":18},"end":{"line":41,"column":54}},"11":{"start":{"line":42,"column":24},"end":{"line":59,"column":7}},"12":{"start":{"line":61,"column":23},"end":{"line":61,"column":67}},"13":{"start":{"line":66,"column":25},"end":{"line":66,"column":51}},"14":{"start":{"line":67,"column":6},"end":{"line":69,"column":7}},"15":{"start":{"line":68,"column":8},"end":{"line":68,"column":60}},"16":{"start":{"line":71,"column":6},"end":{"line":71,"column":46}},"17":{"start":{"line":72,"column":6},"end":{"line":72,"column":51}},"18":{"start":{"line":75,"column":6},"end":{"line":75,"column":36}},"19":{"start":{"line":80,"column":20},"end":{"line":80,"column":63}},"20":{"start":{"line":81,"column":2},"end":{"line":85,"column":3}},"21":{"start":{"line":82,"column":4},"end":{"line":82,"column":62}},"22":{"start":{"line":83,"column":4},"end":{"line":83,"column":73}},"23":{"start":{"line":84,"column":4},"end":{"line":84,"column":35}},"24":{"start":{"line":88,"column":2},"end":{"line":88,"column":9}}},"fnMap":{"0":{"name":"staticFilesMiddleware","decl":{"start":{"line":17,"column":16},"end":{"line":17,"column":37}},"loc":{"start":{"line":17,"column":54},"end":{"line":89,"column":1}},"line":17}},"branchMap":{"0":{"loc":{"start":{"line":19,"column":2},"end":{"line":21,"column":3}},"type":"if","locations":[{"start":{"line":19,"column":2},"end":{"line":21,"column":3}},{"start":{},"end":{}}],"line":19},"1":{"loc":{"start":{"line":28,"column":2},"end":{"line":30,"column":3}},"type":"if","locations":[{"start":{"line":28,"column":2},"end":{"line":30,"column":3}},{"start":{},"end":{}}],"line":28},"2":{"loc":{"start":{"line":33,"column":2},"end":{"line":77,"column":3}},"type":"if","locations":[{"start":{"line":33,"column":2},"end":{"line":77,"column":3}},{"start":{},"end":{}}],"line":33},"3":{"loc":{"start":{"line":35,"column":4},"end":{"line":37,"column":5}},"type":"if","locations":[{"start":{"line":35,"column":4},"end":{"line":37,"column":5}},{"start":{},"end":{}}],"line":35},"4":{"loc":{"start":{"line":40,"column":4},"end":{"line":76,"column":5}},"type":"if","locations":[{"start":{"line":40,"column":4},"end":{"line":76,"column":5}},{"start":{},"end":{}}],"line":40},"5":{"loc":{"start":{"line":61,"column":23},"end":{"line":61,"column":67}},"type":"binary-expr","locations":[{"start":{"line":61,"column":23},"end":{"line":61,"column":37}},{"start":{"line":61,"column":41},"end":{"line":61,"column":67}}],"line":61},"6":{"loc":{"start":{"line":67,"column":6},"end":{"line":69,"column":7}},"type":"if","locations":[{"start":{"line":67,"column":6},"end":{"line":69,"column":7}},{"start":{},"end":{}}],"line":67},"7":{"loc":{"start":{"line":81,"column":2},"end":{"line":85,"column":3}},"type":"if","locations":[{"start":{"line":81,"column":2},"end":{"line":85,"column":3}},{"start":{},"end":{}}],"line":81}},"s":{"0":0,"1":0,"2":0,"3":0,"4":0,"5":0,"6":0,"7":0,"8":0,"9":0,"10":0,"11":0,"12":0,"13":0,"14":0,"15":0,"16":0,"17":0,"18":0,"19":0,"20":0,"21":0,"22":0,"23":0,"24":0},"f":{"0":0},"b":{"0":[0,0],"1":[0,0],"2":[0,0],"3":[0,0],"4":[0,0],"5":[0,0],"6":[0,0],"7":[0,0]},"inputSourceMap":null}
,"/home/ryan/.openclaw/workspace/projects/dashboard/src/routes/config.js": {"path":"/home/ryan/.openclaw/workspace/projects/dashboard/src/routes/config.js","statementMap":{"0":{"start":{"line":4,"column":15},"end":{"line":4,"column":23}},"1":{"start":{"line":7,"column":0},"end":{"line":12,"column":3}},"2":{"start":{"line":8,"column":2},"end":{"line":11,"column":5}}},"fnMap":{"0":{"name":"(anonymous_0)","decl":{"start":{"line":7,"column":16},"end":{"line":7,"column":17}},"loc":{"start":{"line":7,"column":30},"end":{"line":12,"column":1}},"line":7}},"branchMap":{},"s":{"0":0,"1":0,"2":0},"f":{"0":0},"b":{},"inputSourceMap":null}
,"/home/ryan/.openclaw/workspace/projects/dashboard/src/routes/projects.js": {"path":"/home/ryan/.openclaw/workspace/projects/dashboard/src/routes/projects.js","statementMap":{"0":{"start":{"line":8,"column":15},"end":{"line":8,"column":23}},"1":{"start":{"line":16,"column":20},"end":{"line":16,"column":30}},"2":{"start":{"line":17,"column":23},"end":{"line":17,"column":62}},"3":{"start":{"line":19,"column":2},"end":{"line":33,"column":4}},"4":{"start":{"line":37,"column":0},"end":{"line":44,"column":3}},"5":{"start":{"line":38,"column":2},"end":{"line":43,"column":3}},"6":{"start":{"line":39,"column":21},"end":{"line":39,"column":61}},"7":{"start":{"line":40,"column":4},"end":{"line":40,"column":39}},"8":{"start":{"line":42,"column":4},"end":{"line":42,"column":85}},"9":{"start":{"line":47,"column":0},"end":{"line":60,"column":3}},"10":{"start":{"line":48,"column":2},"end":{"line":59,"column":3}},"11":{"start":{"line":49,"column":20},"end":{"line":49,"column":45}},"12":{"start":{"line":51,"column":4},"end":{"line":53,"column":5}},"13":{"start":{"line":52,"column":6},"end":{"line":52,"column":66}},"14":{"start":{"line":55,"column":26},"end":{"line":55,"column":53}},"15":{"start":{"line":56,"column":4},"end":{"line":56,"column":53}},"16":{"start":{"line":58,"column":4},"end":{"line":58,"column":84}},"17":{"start":{"line":63,"column":0},"end":{"line":77,"column":3}},"18":{"start":{"line":64,"column":2},"end":{"line":76,"column":3}},"19":{"start":{"line":65,"column":20},"end":{"line":65,"column":45}},"20":{"start":{"line":67,"column":4},"end":{"line":69,"column":5}},"21":{"start":{"line":68,"column":6},"end":{"line":68,"column":66}},"22":{"start":{"line":71,"column":4},"end":{"line":71,"column":43}},"23":{"start":{"line":72,"column":26},"end":{"line":72,"column":53}},"24":{"start":{"line":73,"column":4},"end":{"line":73,"column":53}},"25":{"start":{"line":75,"column":4},"end":{"line":75,"column":85}},"26":{"start":{"line":80,"column":0},"end":{"line":94,"column":3}},"27":{"start":{"line":81,"column":2},"end":{"line":93,"column":3}},"28":{"start":{"line":82,"column":20},"end":{"line":82,"column":45}},"29":{"start":{"line":84,"column":4},"end":{"line":86,"column":5}},"30":{"start":{"line":85,"column":6},"end":{"line":85,"column":66}},"31":{"start":{"line":88,"column":4},"end":{"line":88,"column":42}},"32":{"start":{"line":89,"column":26},"end":{"line":89,"column":53}},"33":{"start":{"line":90,"column":4},"end":{"line":90,"column":53}},"34":{"start":{"line":92,"column":4},"end":{"line":92,"column":84}},"35":{"start":{"line":97,"column":0},"end":{"line":117,"column":3}},"36":{"start":{"line":98,"column":2},"end":{"line":116,"column":3}},"37":{"start":{"line":99,"column":20},"end":{"line":99,"column":45}},"38":{"start":{"line":101,"column":4},"end":{"line":103,"column":5}},"39":{"start":{"line":102,"column":6},"end":{"line":102,"column":66}},"40":{"start":{"line":106,"column":34},"end":{"line":109,"column":5}},"41":{"start":{"line":111,"column":4},"end":{"line":111,"column":55}},"42":{"start":{"line":112,"column":26},"end":{"line":112,"column":53}},"43":{"start":{"line":113,"column":4},"end":{"line":113,"column":53}},"44":{"start":{"line":115,"column":4},"end":{"line":115,"column":84}},"45":{"start":{"line":120,"column":0},"end":{"line":134,"column":3}},"46":{"start":{"line":121,"column":2},"end":{"line":133,"column":3}},"47":{"start":{"line":122,"column":20},"end":{"line":122,"column":45}},"48":{"start":{"line":124,"column":4},"end":{"line":126,"column":5}},"49":{"start":{"line":125,"column":6},"end":{"line":125,"column":66}},"50":{"start":{"line":128,"column":4},"end":{"line":128,"column":40}},"51":{"start":{"line":129,"column":26},"end":{"line":129,"column":53}},"52":{"start":{"line":130,"column":4},"end":{"line":130,"column":53}},"53":{"start":{"line":132,"column":4},"end":{"line":132,"column":83}},"54":{"start":{"line":137,"column":0},"end":{"line":164,"column":3}},"55":{"start":{"line":138,"column":2},"end":{"line":163,"column":3}},"56":{"start":{"line":139,"column":20},"end":{"line":139,"column":45}},"57":{"start":{"line":141,"column":4},"end":{"line":143,"column":5}},"58":{"start":{"line":142,"column":6},"end":{"line":142,"column":66}},"59":{"start":{"line":146,"column":20},"end":{"line":146,"column":43}},"60":{"start":{"line":147,"column":21},"end":{"line":147,"column":82}},"61":{"start":{"line":150,"column":4},"end":{"line":152,"column":5}},"62":{"start":{"line":151,"column":6},"end":{"line":151,"column":93}},"63":{"start":{"line":155,"column":4},"end":{"line":157,"column":5}},"64":{"start":{"line":156,"column":6},"end":{"line":156,"column":87}},"65":{"start":{"line":159,"column":23},"end":{"line":159,"column":75}},"66":{"start":{"line":160,"column":4},"end":{"line":160,"column":47}},"67":{"start":{"line":162,"column":4},"end":{"line":162,"column":81}}},"fnMap":{"0":{"name":"buildProjectStatus","decl":{"start":{"line":15,"column":9},"end":{"line":15,"column":27}},"loc":{"start":{"line":15,"column":37},"end":{"line":34,"column":1}},"line":15},"1":{"name":"(anonymous_1)","decl":{"start":{"line":37,"column":16},"end":{"line":37,"column":17}},"loc":{"start":{"line":37,"column":30},"end":{"line":44,"column":1}},"line":37},"2":{"name":"(anonymous_2)","decl":{"start":{"line":47,"column":19},"end":{"line":47,"column":20}},"loc":{"start":{"line":47,"column":33},"end":{"line":60,"column":1}},"line":47},"3":{"name":"(anonymous_3)","decl":{"start":{"line":63,"column":26},"end":{"line":63,"column":27}},"loc":{"start":{"line":63,"column":40},"end":{"line":77,"column":1}},"line":63},"4":{"name":"(anonymous_4)","decl":{"start":{"line":80,"column":25},"end":{"line":80,"column":26}},"loc":{"start":{"line":80,"column":39},"end":{"line":94,"column":1}},"line":80},"5":{"name":"(anonymous_5)","decl":{"start":{"line":97,"column":33},"end":{"line":97,"column":34}},"loc":{"start":{"line":97,"column":47},"end":{"line":117,"column":1}},"line":97},"6":{"name":"(anonymous_6)","decl":{"start":{"line":120,"column":32},"end":{"line":120,"column":33}},"loc":{"start":{"line":120,"column":46},"end":{"line":134,"column":1}},"line":120},"7":{"name":"(anonymous_7)","decl":{"start":{"line":137,"column":24},"end":{"line":137,"column":25}},"loc":{"start":{"line":137,"column":38},"end":{"line":164,"column":1}},"line":137}},"branchMap":{"0":{"loc":{"start":{"line":27,"column":9},"end":{"line":27,"column":33}},"type":"binary-expr","locations":[{"start":{"line":27,"column":9},"end":{"line":27,"column":25}},{"start":{"line":27,"column":29},"end":{"line":27,"column":33}}],"line":27},"1":{"loc":{"start":{"line":28,"column":15},"end":{"line":28,"column":45}},"type":"binary-expr","locations":[{"start":{"line":28,"column":15},"end":{"line":28,"column":37}},{"start":{"line":28,"column":41},"end":{"line":28,"column":45}}],"line":28},"2":{"loc":{"start":{"line":30,"column":15},"end":{"line":30,"column":45}},"type":"binary-expr","locations":[{"start":{"line":30,"column":15},"end":{"line":30,"column":37}},{"start":{"line":30,"column":41},"end":{"line":30,"column":45}}],"line":30},"3":{"loc":{"start":{"line":32,"column":21},"end":{"line":32,"column":57}},"type":"binary-expr","locations":[{"start":{"line":32,"column":21},"end":{"line":32,"column":49}},{"start":{"line":32,"column":53},"end":{"line":32,"column":57}}],"line":32},"4":{"loc":{"start":{"line":51,"column":4},"end":{"line":53,"column":5}},"type":"if","locations":[{"start":{"line":51,"column":4},"end":{"line":53,"column":5}},{"start":{},"end":{}}],"line":51},"5":{"loc":{"start":{"line":67,"column":4},"end":{"line":69,"column":5}},"type":"if","locations":[{"start":{"line":67,"column":4},"end":{"line":69,"column":5}},{"start":{},"end":{}}],"line":67},"6":{"loc":{"start":{"line":84,"column":4},"end":{"line":86,"column":5}},"type":"if","locations":[{"start":{"line":84,"column":4},"end":{"line":86,"column":5}},{"start":{},"end":{}}],"line":84},"7":{"loc":{"start":{"line":101,"column":4},"end":{"line":103,"column":5}},"type":"if","locations":[{"start":{"line":101,"column":4},"end":{"line":103,"column":5}},{"start":{},"end":{}}],"line":101},"8":{"loc":{"start":{"line":108,"column":18},"end":{"line":108,"column":52}},"type":"binary-expr","locations":[{"start":{"line":108,"column":18},"end":{"line":108,"column":30}},{"start":{"line":108,"column":34},"end":{"line":108,"column":52}}],"line":108},"9":{"loc":{"start":{"line":124,"column":4},"end":{"line":126,"column":5}},"type":"if","locations":[{"start":{"line":124,"column":4},"end":{"line":126,"column":5}},{"start":{},"end":{}}],"line":124},"10":{"loc":{"start":{"line":141,"column":4},"end":{"line":143,"column":5}},"type":"if","locations":[{"start":{"line":141,"column":4},"end":{"line":143,"column":5}},{"start":{},"end":{}}],"line":141},"11":{"loc":{"start":{"line":146,"column":20},"end":{"line":146,"column":43}},"type":"binary-expr","locations":[{"start":{"line":146,"column":20},"end":{"line":146,"column":34}},{"start":{"line":146,"column":38},"end":{"line":146,"column":43}}],"line":146},"12":{"loc":{"start":{"line":147,"column":21},"end":{"line":147,"column":82}},"type":"cond-expr","locations":[{"start":{"line":147,"column":42},"end":{"line":147,"column":74}},{"start":{"line":147,"column":77},"end":{"line":147,"column":82}}],"line":147},"13":{"loc":{"start":{"line":150,"column":4},"end":{"line":152,"column":5}},"type":"if","locations":[{"start":{"line":150,"column":4},"end":{"line":152,"column":5}},{"start":{},"end":{}}],"line":150},"14":{"loc":{"start":{"line":155,"column":4},"end":{"line":157,"column":5}},"type":"if","locations":[{"start":{"line":155,"column":4},"end":{"line":157,"column":5}},{"start":{},"end":{}}],"line":155},"15":{"loc":{"start":{"line":155,"column":8},"end":{"line":155,"column":39}},"type":"binary-expr","locations":[{"start":{"line":155,"column":8},"end":{"line":155,"column":23}},{"start":{"line":155,"column":27},"end":{"line":155,"column":39}}],"line":155}},"s":{"0":0,"1":0,"2":0,"3":0,"4":0,"5":0,"6":0,"7":0,"8":0,"9":0,"10":0,"11":0,"12":0,"13":0,"14":0,"15":0,"16":0,"17":0,"18":0,"19":0,"20":0,"21":0,"22":0,"23":0,"24":0,"25":0,"26":0,"27":0,"28":0,"29":0,"30":0,"31":0,"32":0,"33":0,"34":0,"35":0,"36":0,"37":0,"38":0,"39":0,"40":0,"41":0,"42":0,"43":0,"44":0,"45":0,"46":0,"47":0,"48":0,"49":0,"50":0,"51":0,"52":0,"53":0,"54":0,"55":0,"56":0,"57":0,"58":0,"59":0,"60":0,"61":0,"62":0,"63":0,"64":0,"65":0,"66":0,"67":0},"f":{"0":0,"1":0,"2":0,"3":0,"4":0,"5":0,"6":0,"7":0},"b":{"0":[0,0],"1":[0,0],"2":[0,0],"3":[0,0],"4":[0,0],"5":[0,0],"6":[0,0],"7":[0,0],"8":[0,0],"9":[0,0],"10":[0,0],"11":[0,0],"12":[0,0],"13":[0,0],"14":[0,0],"15":[0,0]},"inputSourceMap":null}
,"/home/ryan/.openclaw/workspace/projects/dashboard/src/services/configService.js": {"path":"/home/ryan/.openclaw/workspace/projects/dashboard/src/services/configService.js","statementMap":{"0":{"start":{"line":6,"column":19},"end":{"line":6,"column":49}},"1":{"start":{"line":7,"column":18},"end":{"line":7,"column":42}},"2":{"start":{"line":8,"column":20},"end":{"line":8,"column":71}},"3":{"start":{"line":10,"column":19},"end":{"line":10,"column":23}},"4":{"start":{"line":18,"column":2},"end":{"line":31,"column":3}},"5":{"start":{"line":19,"column":23},"end":{"line":19,"column":59}},"6":{"start":{"line":20,"column":4},"end":{"line":20,"column":42}},"7":{"start":{"line":22,"column":4},"end":{"line":22,"column":33}},"8":{"start":{"line":23,"column":4},"end":{"line":23,"column":24}},"9":{"start":{"line":25,"column":4},"end":{"line":29,"column":5}},"10":{"start":{"line":26,"column":6},"end":{"line":26,"column":72}},"11":{"start":{"line":27,"column":11},"end":{"line":29,"column":5}},"12":{"start":{"line":28,"column":6},"end":{"line":28,"column":78}},"13":{"start":{"line":30,"column":4},"end":{"line":30,"column":16}},"14":{"start":{"line":39,"column":2},"end":{"line":39,"column":22}},"15":{"start":{"line":40,"column":2},"end":{"line":40,"column":22}},"16":{"start":{"line":49,"column":2},"end":{"line":51,"column":3}},"17":{"start":{"line":50,"column":4},"end":{"line":50,"column":17}},"18":{"start":{"line":53,"column":2},"end":{"line":55,"column":3}},"19":{"start":{"line":54,"column":4},"end":{"line":54,"column":16}},"20":{"start":{"line":57,"column":2},"end":{"line":57,"column":64}},"21":{"start":{"line":57,"column":43},"end":{"line":57,"column":54}},"22":{"start":{"line":65,"column":2},"end":{"line":67,"column":3}},"23":{"start":{"line":66,"column":4},"end":{"line":66,"column":17}},"24":{"start":{"line":69,"column":2},"end":{"line":71,"column":3}},"25":{"start":{"line":70,"column":4},"end":{"line":70,"column":14}},"26":{"start":{"line":73,"column":2},"end":{"line":73,"column":31}},"27":{"start":{"line":81,"column":2},"end":{"line":81,"column":22}}},"fnMap":{"0":{"name":"loadConfig","decl":{"start":{"line":17,"column":16},"end":{"line":17,"column":26}},"loc":{"start":{"line":17,"column":29},"end":{"line":32,"column":1}},"line":17},"1":{"name":"reloadConfig","decl":{"start":{"line":38,"column":16},"end":{"line":38,"column":28}},"loc":{"start":{"line":38,"column":31},"end":{"line":41,"column":1}},"line":38},"2":{"name":"getProject","decl":{"start":{"line":48,"column":16},"end":{"line":48,"column":26}},"loc":{"start":{"line":48,"column":31},"end":{"line":58,"column":1}},"line":48},"3":{"name":"(anonymous_3)","decl":{"start":{"line":57,"column":36},"end":{"line":57,"column":37}},"loc":{"start":{"line":57,"column":43},"end":{"line":57,"column":54}},"line":57},"4":{"name":"getAllProjects","decl":{"start":{"line":64,"column":16},"end":{"line":64,"column":30}},"loc":{"start":{"line":64,"column":33},"end":{"line":74,"column":1}},"line":64},"5":{"name":"getConfig","decl":{"start":{"line":80,"column":16},"end":{"line":80,"column":25}},"loc":{"start":{"line":80,"column":28},"end":{"line":82,"column":1}},"line":80}},"branchMap":{"0":{"loc":{"start":{"line":25,"column":4},"end":{"line":29,"column":5}},"type":"if","locations":[{"start":{"line":25,"column":4},"end":{"line":29,"column":5}},{"start":{"line":27,"column":11},"end":{"line":29,"column":5}}],"line":25},"1":{"loc":{"start":{"line":27,"column":11},"end":{"line":29,"column":5}},"type":"if","locations":[{"start":{"line":27,"column":11},"end":{"line":29,"column":5}},{"start":{},"end":{}}],"line":27},"2":{"loc":{"start":{"line":49,"column":2},"end":{"line":51,"column":3}},"type":"if","locations":[{"start":{"line":49,"column":2},"end":{"line":51,"column":3}},{"start":{},"end":{}}],"line":49},"3":{"loc":{"start":{"line":53,"column":2},"end":{"line":55,"column":3}},"type":"if","locations":[{"start":{"line":53,"column":2},"end":{"line":55,"column":3}},{"start":{},"end":{}}],"line":53},"4":{"loc":{"start":{"line":53,"column":6},"end":{"line":53,"column":69}},"type":"binary-expr","locations":[{"start":{"line":53,"column":6},"end":{"line":53,"column":28}},{"start":{"line":53,"column":32},"end":{"line":53,"column":69}}],"line":53},"5":{"loc":{"start":{"line":57,"column":9},"end":{"line":57,"column":63}},"type":"binary-expr","locations":[{"start":{"line":57,"column":9},"end":{"line":57,"column":55}},{"start":{"line":57,"column":59},"end":{"line":57,"column":63}}],"line":57},"6":{"loc":{"start":{"line":65,"column":2},"end":{"line":67,"column":3}},"type":"if","locations":[{"start":{"line":65,"column":2},"end":{"line":67,"column":3}},{"start":{},"end":{}}],"line":65},"7":{"loc":{"start":{"line":69,"column":2},"end":{"line":71,"column":3}},"type":"if","locations":[{"start":{"line":69,"column":2},"end":{"line":71,"column":3}},{"start":{},"end":{}}],"line":69},"8":{"loc":{"start":{"line":69,"column":6},"end":{"line":69,"column":69}},"type":"binary-expr","locations":[{"start":{"line":69,"column":6},"end":{"line":69,"column":28}},{"start":{"line":69,"column":32},"end":{"line":69,"column":69}}],"line":69}},"s":{"0":0,"1":0,"2":0,"3":0,"4":0,"5":0,"6":0,"7":0,"8":0,"9":0,"10":0,"11":0,"12":0,"13":0,"14":0,"15":0,"16":0,"17":0,"18":0,"19":0,"20":0,"21":0,"22":0,"23":0,"24":0,"25":0,"26":0,"27":0},"f":{"0":0,"1":0,"2":0,"3":0,"4":0,"5":0},"b":{"0":[0,0],"1":[0,0],"2":[0,0],"3":[0,0],"4":[0,0],"5":[0,0],"6":[0,0],"7":[0,0],"8":[0,0]},"inputSourceMap":null}
,"/home/ryan/.openclaw/workspace/projects/dashboard/src/services/logService.js": {"path":"/home/ryan/.openclaw/workspace/projects/dashboard/src/services/logService.js","statementMap":{"0":{"start":{"line":10,"column":2},"end":{"line":12,"column":3}},"1":{"start":{"line":11,"column":4},"end":{"line":11,"column":56}},"2":{"start":{"line":22,"column":2},"end":{"line":22,"column":68}},"3":{"start":{"line":33,"column":2},"end":{"line":35,"column":3}},"4":{"start":{"line":34,"column":4},"end":{"line":34,"column":68}},"5":{"start":{"line":37,"column":2},"end":{"line":37,"column":17}},"6":{"start":{"line":38,"column":18},"end":{"line":38,"column":52}},"7":{"start":{"line":39,"column":20},"end":{"line":39,"column":44}},"8":{"start":{"line":40,"column":15},"end":{"line":40,"column":42}},"9":{"start":{"line":41,"column":18},"end":{"line":41,"column":58}},"10":{"start":{"line":43,"column":2},"end":{"line":48,"column":3}},"11":{"start":{"line":44,"column":4},"end":{"line":44,"column":40}},"12":{"start":{"line":46,"column":4},"end":{"line":46,"column":73}},"13":{"start":{"line":47,"column":4},"end":{"line":47,"column":16}},"14":{"start":{"line":59,"column":2},"end":{"line":61,"column":3}},"15":{"start":{"line":60,"column":4},"end":{"line":60,"column":58}},"16":{"start":{"line":63,"column":2},"end":{"line":63,"column":17}},"17":{"start":{"line":64,"column":18},"end":{"line":64,"column":52}},"18":{"start":{"line":66,"column":2},"end":{"line":80,"column":3}},"19":{"start":{"line":67,"column":17},"end":{"line":67,"column":37}},"20":{"start":{"line":68,"column":18},"end":{"line":68,"column":51}},"21":{"start":{"line":69,"column":15},"end":{"line":69,"column":40}},"22":{"start":{"line":70,"column":19},"end":{"line":70,"column":50}},"23":{"start":{"line":71,"column":4},"end":{"line":71,"column":53}},"24":{"start":{"line":72,"column":4},"end":{"line":72,"column":21}},"25":{"start":{"line":73,"column":4},"end":{"line":73,"column":35}},"26":{"start":{"line":76,"column":4},"end":{"line":78,"column":5}},"27":{"start":{"line":77,"column":6},"end":{"line":77,"column":16}},"28":{"start":{"line":79,"column":4},"end":{"line":79,"column":16}},"29":{"start":{"line":89,"column":2},"end":{"line":91,"column":3}},"30":{"start":{"line":90,"column":4},"end":{"line":90,"column":45}},"31":{"start":{"line":93,"column":2},"end":{"line":93,"column":17}},"32":{"start":{"line":94,"column":19},"end":{"line":94,"column":46}},"33":{"start":{"line":96,"column":2},"end":{"line":106,"column":3}},"34":{"start":{"line":97,"column":20},"end":{"line":97,"column":54}},"35":{"start":{"line":98,"column":4},"end":{"line":105,"column":5}},"36":{"start":{"line":99,"column":6},"end":{"line":101,"column":7}},"37":{"start":{"line":100,"column":8},"end":{"line":100,"column":31}},"38":{"start":{"line":103,"column":6},"end":{"line":103,"column":73}},"39":{"start":{"line":104,"column":6},"end":{"line":104,"column":18}}},"fnMap":{"0":{"name":"ensureLogDir","decl":{"start":{"line":9,"column":9},"end":{"line":9,"column":21}},"loc":{"start":{"line":9,"column":24},"end":{"line":13,"column":1}},"line":9},"1":{"name":"getLogFilePath","decl":{"start":{"line":21,"column":9},"end":{"line":21,"column":23}},"loc":{"start":{"line":21,"column":44},"end":{"line":23,"column":1}},"line":21},"2":{"name":"appendLog","decl":{"start":{"line":32,"column":16},"end":{"line":32,"column":25}},"loc":{"start":{"line":32,"column":55},"end":{"line":49,"column":1}},"line":32},"3":{"name":"readLog","decl":{"start":{"line":58,"column":16},"end":{"line":58,"column":23}},"loc":{"start":{"line":58,"column":62},"end":{"line":81,"column":1}},"line":58},"4":{"name":"clearLogs","decl":{"start":{"line":88,"column":16},"end":{"line":88,"column":25}},"loc":{"start":{"line":88,"column":37},"end":{"line":107,"column":1}},"line":88}},"branchMap":{"0":{"loc":{"start":{"line":10,"column":2},"end":{"line":12,"column":3}},"type":"if","locations":[{"start":{"line":10,"column":2},"end":{"line":12,"column":3}},{"start":{},"end":{}}],"line":10},"1":{"loc":{"start":{"line":33,"column":2},"end":{"line":35,"column":3}},"type":"if","locations":[{"start":{"line":33,"column":2},"end":{"line":35,"column":3}},{"start":{},"end":{}}],"line":33},"2":{"loc":{"start":{"line":33,"column":6},"end":{"line":33,"column":40}},"type":"binary-expr","locations":[{"start":{"line":33,"column":6},"end":{"line":33,"column":16}},{"start":{"line":33,"column":20},"end":{"line":33,"column":28}},{"start":{"line":33,"column":32},"end":{"line":33,"column":40}}],"line":33},"3":{"loc":{"start":{"line":41,"column":18},"end":{"line":41,"column":58}},"type":"cond-expr","locations":[{"start":{"line":41,"column":40},"end":{"line":41,"column":44}},{"start":{"line":41,"column":47},"end":{"line":41,"column":58}}],"line":41},"4":{"loc":{"start":{"line":58,"column":44},"end":{"line":58,"column":60}},"type":"default-arg","locations":[{"start":{"line":58,"column":55},"end":{"line":58,"column":60}}],"line":58},"5":{"loc":{"start":{"line":59,"column":2},"end":{"line":61,"column":3}},"type":"if","locations":[{"start":{"line":59,"column":2},"end":{"line":61,"column":3}},{"start":{},"end":{}}],"line":59},"6":{"loc":{"start":{"line":59,"column":6},"end":{"line":59,"column":28}},"type":"binary-expr","locations":[{"start":{"line":59,"column":6},"end":{"line":59,"column":16}},{"start":{"line":59,"column":20},"end":{"line":59,"column":28}}],"line":59},"7":{"loc":{"start":{"line":76,"column":4},"end":{"line":78,"column":5}},"type":"if","locations":[{"start":{"line":76,"column":4},"end":{"line":78,"column":5}},{"start":{},"end":{}}],"line":76},"8":{"loc":{"start":{"line":89,"column":2},"end":{"line":91,"column":3}},"type":"if","locations":[{"start":{"line":89,"column":2},"end":{"line":91,"column":3}},{"start":{},"end":{}}],"line":89},"9":{"loc":{"start":{"line":99,"column":6},"end":{"line":101,"column":7}},"type":"if","locations":[{"start":{"line":99,"column":6},"end":{"line":101,"column":7}},{"start":{},"end":{}}],"line":99}},"s":{"0":0,"1":0,"2":0,"3":0,"4":0,"5":0,"6":0,"7":0,"8":0,"9":0,"10":0,"11":0,"12":0,"13":0,"14":0,"15":0,"16":0,"17":0,"18":0,"19":0,"20":0,"21":0,"22":0,"23":0,"24":0,"25":0,"26":0,"27":0,"28":0,"29":0,"30":0,"31":0,"32":0,"33":0,"34":0,"35":0,"36":0,"37":0,"38":0,"39":0},"f":{"0":0,"1":0,"2":0,"3":0,"4":0},"b":{"0":[0,0],"1":[0,0],"2":[0,0,0],"3":[0,0],"4":[0],"5":[0,0],"6":[0,0],"7":[0,0],"8":[0,0],"9":[0,0]},"inputSourceMap":null}
,"/home/ryan/.openclaw/workspace/projects/dashboard/src/services/projectLifecycle.js": {"path":"/home/ryan/.openclaw/workspace/projects/dashboard/src/services/projectLifecycle.js","statementMap":{"0":{"start":{"line":8,"column":19},"end":{"line":8,"column":49}},"1":{"start":{"line":9,"column":18},"end":{"line":9,"column":42}},"2":{"start":{"line":17,"column":2},"end":{"line":17,"column":25}},"3":{"start":{"line":17,"column":12},"end":{"line":17,"column":25}},"4":{"start":{"line":18,"column":2},"end":{"line":23,"column":3}},"5":{"start":{"line":19,"column":4},"end":{"line":19,"column":25}},"6":{"start":{"line":20,"column":4},"end":{"line":20,"column":16}},"7":{"start":{"line":22,"column":4},"end":{"line":22,"column":17}},"8":{"start":{"line":34,"column":2},"end":{"line":36,"column":3}},"9":{"start":{"line":35,"column":4},"end":{"line":35,"column":81}},"10":{"start":{"line":39,"column":23},"end":{"line":39,"column":63}},"11":{"start":{"line":40,"column":2},"end":{"line":47,"column":3}},"12":{"start":{"line":41,"column":4},"end":{"line":45,"column":6}},"13":{"start":{"line":46,"column":4},"end":{"line":46,"column":28}},"14":{"start":{"line":50,"column":2},"end":{"line":50,"column":58}},"15":{"start":{"line":53,"column":21},"end":{"line":53,"column":64}},"16":{"start":{"line":56,"column":16},"end":{"line":61,"column":4}},"17":{"start":{"line":64,"column":2},"end":{"line":68,"column":3}},"18":{"start":{"line":65,"column":4},"end":{"line":67,"column":7}},"19":{"start":{"line":66,"column":6},"end":{"line":66,"column":52}},"20":{"start":{"line":69,"column":2},"end":{"line":73,"column":3}},"21":{"start":{"line":70,"column":4},"end":{"line":72,"column":7}},"22":{"start":{"line":71,"column":6},"end":{"line":71,"column":52}},"23":{"start":{"line":76,"column":2},"end":{"line":76,"column":16}},"24":{"start":{"line":79,"column":19},"end":{"line":82,"column":3}},"25":{"start":{"line":83,"column":2},"end":{"line":86,"column":5}},"26":{"start":{"line":88,"column":2},"end":{"line":88,"column":72}},"27":{"start":{"line":89,"column":2},"end":{"line":89,"column":19}},"28":{"start":{"line":101,"column":2},"end":{"line":103,"column":3}},"29":{"start":{"line":102,"column":4},"end":{"line":102,"column":58}},"30":{"start":{"line":105,"column":23},"end":{"line":105,"column":63}},"31":{"start":{"line":106,"column":14},"end":{"line":106,"column":30}},"32":{"start":{"line":108,"column":2},"end":{"line":111,"column":3}},"33":{"start":{"line":109,"column":4},"end":{"line":109,"column":63}},"34":{"start":{"line":110,"column":4},"end":{"line":110,"column":17}},"35":{"start":{"line":113,"column":2},"end":{"line":113,"column":77}},"36":{"start":{"line":115,"column":15},"end":{"line":115,"column":20}},"37":{"start":{"line":118,"column":2},"end":{"line":131,"column":3}},"38":{"start":{"line":119,"column":4},"end":{"line":119,"column":34}},"39":{"start":{"line":120,"column":4},"end":{"line":120,"column":18}},"40":{"start":{"line":121,"column":4},"end":{"line":121,"column":67}},"41":{"start":{"line":124,"column":4},"end":{"line":130,"column":5}},"42":{"start":{"line":125,"column":6},"end":{"line":125,"column":35}},"43":{"start":{"line":126,"column":6},"end":{"line":126,"column":20}},"44":{"start":{"line":127,"column":6},"end":{"line":127,"column":63}},"45":{"start":{"line":129,"column":6},"end":{"line":129,"column":77}},"46":{"start":{"line":134,"column":19},"end":{"line":138,"column":3}},"47":{"start":{"line":139,"column":2},"end":{"line":139,"column":53}},"48":{"start":{"line":141,"column":2},"end":{"line":141,"column":16}},"49":{"start":{"line":150,"column":2},"end":{"line":152,"column":3}},"50":{"start":{"line":151,"column":4},"end":{"line":151,"column":46}},"51":{"start":{"line":154,"column":23},"end":{"line":154,"column":62}},"52":{"start":{"line":155,"column":2},"end":{"line":155,"column":42}},"53":{"start":{"line":164,"column":2},"end":{"line":166,"column":3}},"54":{"start":{"line":165,"column":4},"end":{"line":165,"column":46}},"55":{"start":{"line":168,"column":23},"end":{"line":168,"column":62}},"56":{"start":{"line":169,"column":14},"end":{"line":169,"column":30}},"57":{"start":{"line":171,"column":2},"end":{"line":173,"column":3}},"58":{"start":{"line":172,"column":4},"end":{"line":172,"column":15}},"59":{"start":{"line":175,"column":2},"end":{"line":175,"column":14}}},"fnMap":{"0":{"name":"isProcessAlive","decl":{"start":{"line":16,"column":16},"end":{"line":16,"column":30}},"loc":{"start":{"line":16,"column":36},"end":{"line":24,"column":1}},"line":16},"1":{"name":"startProject","decl":{"start":{"line":33,"column":16},"end":{"line":33,"column":28}},"loc":{"start":{"line":33,"column":38},"end":{"line":90,"column":1}},"line":33},"2":{"name":"(anonymous_2)","decl":{"start":{"line":65,"column":28},"end":{"line":65,"column":29}},"loc":{"start":{"line":65,"column":38},"end":{"line":67,"column":5}},"line":65},"3":{"name":"(anonymous_3)","decl":{"start":{"line":70,"column":28},"end":{"line":70,"column":29}},"loc":{"start":{"line":70,"column":38},"end":{"line":72,"column":5}},"line":70},"4":{"name":"stopProject","decl":{"start":{"line":100,"column":16},"end":{"line":100,"column":27}},"loc":{"start":{"line":100,"column":37},"end":{"line":142,"column":1}},"line":100},"5":{"name":"isProjectRunning","decl":{"start":{"line":149,"column":16},"end":{"line":149,"column":32}},"loc":{"start":{"line":149,"column":44},"end":{"line":156,"column":1}},"line":149},"6":{"name":"getProjectPid","decl":{"start":{"line":163,"column":16},"end":{"line":163,"column":29}},"loc":{"start":{"line":163,"column":41},"end":{"line":176,"column":1}},"line":163}},"branchMap":{"0":{"loc":{"start":{"line":17,"column":2},"end":{"line":17,"column":25}},"type":"if","locations":[{"start":{"line":17,"column":2},"end":{"line":17,"column":25}},{"start":{},"end":{}}],"line":17},"1":{"loc":{"start":{"line":34,"column":2},"end":{"line":36,"column":3}},"type":"if","locations":[{"start":{"line":34,"column":2},"end":{"line":36,"column":3}},{"start":{},"end":{}}],"line":34},"2":{"loc":{"start":{"line":34,"column":6},"end":{"line":34,"column":63}},"type":"binary-expr","locations":[{"start":{"line":34,"column":6},"end":{"line":34,"column":14}},{"start":{"line":34,"column":18},"end":{"line":34,"column":29}},{"start":{"line":34,"column":33},"end":{"line":34,"column":47}},{"start":{"line":34,"column":51},"end":{"line":34,"column":63}}],"line":34},"3":{"loc":{"start":{"line":40,"column":2},"end":{"line":47,"column":3}},"type":"if","locations":[{"start":{"line":40,"column":2},"end":{"line":47,"column":3}},{"start":{},"end":{}}],"line":40},"4":{"loc":{"start":{"line":64,"column":2},"end":{"line":68,"column":3}},"type":"if","locations":[{"start":{"line":64,"column":2},"end":{"line":68,"column":3}},{"start":{},"end":{}}],"line":64},"5":{"loc":{"start":{"line":69,"column":2},"end":{"line":73,"column":3}},"type":"if","locations":[{"start":{"line":69,"column":2},"end":{"line":73,"column":3}},{"start":{},"end":{}}],"line":69},"6":{"loc":{"start":{"line":101,"column":2},"end":{"line":103,"column":3}},"type":"if","locations":[{"start":{"line":101,"column":2},"end":{"line":103,"column":3}},{"start":{},"end":{}}],"line":101},"7":{"loc":{"start":{"line":101,"column":6},"end":{"line":101,"column":29}},"type":"binary-expr","locations":[{"start":{"line":101,"column":6},"end":{"line":101,"column":14}},{"start":{"line":101,"column":18},"end":{"line":101,"column":29}}],"line":101},"8":{"loc":{"start":{"line":108,"column":2},"end":{"line":111,"column":3}},"type":"if","locations":[{"start":{"line":108,"column":2},"end":{"line":111,"column":3}},{"start":{},"end":{}}],"line":108},"9":{"loc":{"start":{"line":150,"column":2},"end":{"line":152,"column":3}},"type":"if","locations":[{"start":{"line":150,"column":2},"end":{"line":152,"column":3}},{"start":{},"end":{}}],"line":150},"10":{"loc":{"start":{"line":164,"column":2},"end":{"line":166,"column":3}},"type":"if","locations":[{"start":{"line":164,"column":2},"end":{"line":166,"column":3}},{"start":{},"end":{}}],"line":164},"11":{"loc":{"start":{"line":171,"column":2},"end":{"line":173,"column":3}},"type":"if","locations":[{"start":{"line":171,"column":2},"end":{"line":173,"column":3}},{"start":{},"end":{}}],"line":171}},"s":{"0":0,"1":0,"2":0,"3":0,"4":0,"5":0,"6":0,"7":0,"8":0,"9":0,"10":0,"11":0,"12":0,"13":0,"14":0,"15":0,"16":0,"17":0,"18":0,"19":0,"20":0,"21":0,"22":0,"23":0,"24":0,"25":0,"26":0,"27":0,"28":0,"29":0,"30":0,"31":0,"32":0,"33":0,"34":0,"35":0,"36":0,"37":0,"38":0,"39":0,"40":0,"41":0,"42":0,"43":0,"44":0,"45":0,"46":0,"47":0,"48":0,"49":0,"50":0,"51":0,"52":0,"53":0,"54":0,"55":0,"56":0,"57":0,"58":0,"59":0},"f":{"0":0,"1":0,"2":0,"3":0,"4":0,"5":0,"6":0},"b":{"0":[0,0],"1":[0,0],"2":[0,0,0,0],"3":[0,0],"4":[0,0],"5":[0,0],"6":[0,0],"7":[0,0],"8":[0,0],"9":[0,0],"10":[0,0],"11":[0,0]},"inputSourceMap":null}
[...]
107,"column":2},"end":{"line":107,"column":82}},"36":{"start":{"line":108,"column":2},"end":{"line":108,"column":19}},"37":{"start":{"line":120,"column":2},"end":{"line":122,"column":3}},"38":{"start":{"line":121,"column":4},"end":{"line":121,"column":58}},"39":{"start":{"line":124,"column":23},"end":{"line":124,"column":63}},"40":{"start":{"line":125,"column":14},"end":{"line":125,"column":36}},"41":{"start":{"line":127,"column":2},"end":{"line":130,"column":3}},"42":{"start":{"line":128,"column":4},"end":{"line":128,"column":73}},"43":{"start":{"line":129,"column":4},"end":{"line":129,"column":17}},"44":{"start":{"line":132,"column":2},"end":{"line":132,"column":87}},"45":{"start":{"line":134,"column":15},"end":{"line":134,"column":20}},"46":{"start":{"line":137,"column":2},"end":{"line":150,"column":3}},"47":{"start":{"line":138,"column":4},"end":{"line":138,"column":34}},"48":{"start":{"line":139,"column":4},"end":{"line":139,"column":18}},"49":{"start":{"line":140,"column":4},"end":{"line":140,"column":77}},"50":{"start":{"line":143,"column":4},"end":{"line":149,"column":5}},"51":{"start":{"line":144,"column":6},"end":{"line":144,"column":35}},"52":{"start":{"line":145,"column":6},"end":{"line":145,"column":20}},"53":{"start":{"line":146,"column":6},"end":{"line":146,"column":73}},"54":{"start":{"line":148,"column":6},"end":{"line":148,"column":87}},"55":{"start":{"line":153,"column":19},"end":{"line":159,"column":3}},"56":{"start":{"line":160,"column":2},"end":{"line":160,"column":53}},"57":{"start":{"line":162,"column":2},"end":{"line":162,"column":16}},"58":{"start":{"line":172,"column":2},"end":{"line":174,"column":3}},"59":{"start":{"line":173,"column":4},"end":{"line":173,"column":46}},"60":{"start":{"line":176,"column":23},"end":{"line":176,"column":62}},"61":{"start":{"line":177,"column":2},"end":{"line":177,"column":48}},"62":{"start":{"line":188,"column":2},"end":{"line":190,"column":3}},"63":{"start":{"line":189,"column":4},"end":{"line":189,"column":46}},"64":{"start":{"line":192,"column":23},"end":{"line":192,"column":62}},"65":{"start":{"line":195,"column":2},"end":{"line":197,"column":3}},"66":{"start":{"line":196,"column":4},"end":{"line":196,"column":42}},"67":{"start":{"line":199,"column":2},"end":{"line":199,"column":14}}},"fnMap":{"0":{"name":"isProcessAlive","decl":{"start":{"line":16,"column":16},"end":{"line":16,"column":30}},"loc":{"start":{"line":16,"column":36},"end":{"line":24,"column":1}},"line":16},"1":{"name":"startTunnel","decl":{"start":{"line":34,"column":16},"end":{"line":34,"column":27}},"loc":{"start":{"line":34,"column":37},"end":{"line":109,"column":1}},"line":34},"2":{"name":"(anonymous_2)","decl":{"start":{"line":66,"column":28},"end":{"line":66,"column":29}},"loc":{"start":{"line":66,"column":38},"end":{"line":88,"column":5}},"line":66},"3":{"name":"(anonymous_3)","decl":{"start":{"line":91,"column":28},"end":{"line":91,"column":29}},"loc":{"start":{"line":91,"column":38},"end":{"line":93,"column":5}},"line":91},"4":{"name":"stopTunnel","decl":{"start":{"line":119,"column":16},"end":{"line":119,"column":26}},"loc":{"start":{"line":119,"column":36},"end":{"line":163,"column":1}},"line":119},"5":{"name":"isTunnelRunning","decl":{"start":{"line":171,"column":16},"end":{"line":171,"column":31}},"loc":{"start":{"line":171,"column":43},"end":{"line":178,"column":1}},"line":171},"6":{"name":"getTunnelUrl","decl":{"start":{"line":187,"column":16},"end":{"line":187,"column":28}},"loc":{"start":{"line":187,"column":40},"end":{"line":200,"column":1}},"line":187}},"branchMap":{"0":{"loc":{"start":{"line":17,"column":2},"end":{"line":17,"column":25}},"type":"if","locations":[{"start":{"line":17,"column":2},"end":{"line":17,"column":25}},{"start":{},"end":{}}],"line":17},"1":{"loc":{"start":{"line":35,"column":2},"end":{"line":37,"column":3}},"type":"if","locations":[{"start":{"line":35,"column":2},"end":{"line":37,"column":3}},{"start":{},"end":{}}],"line":35},"2":{"loc":{"start":{"line":35,"column":6},"end":{"line":35,"column":52}},"type":"binary-expr","locations":[{"start":{"line":35,"column":6},"end":{"line":35,"column":14}},{"start":{"line":35,"column":18},"end":{"line":35,"column":29}},{"start":{"line":35,"column":33},"end":{"line":35,"column":52}}],"line":35},"3":{"loc":{"start":{"line":41,"column":2},"end":{"line":48,"column":3}},"type":"if","locations":[{"start":{"line":41,"column":2},"end":{"line":48,"column":3}},{"start":{},"end":{}}],"line":41},"4":{"loc":{"start":{"line":65,"column":2},"end":{"line":89,"column":3}},"type":"if","locations":[{"start":{"line":65,"column":2},"end":{"line":89,"column":3}},{"start":{},"end":{}}],"line":65},"5":{"loc":{"start":{"line":72,"column":6},"end":{"line":87,"column":7}},"type":"if","locations":[{"start":{"line":72,"column":6},"end":{"line":87,"column":7}},{"start":{},"end":{}}],"line":72},"6":{"loc":{"start":{"line":74,"column":8},"end":{"line":86,"column":9}},"type":"if","locations":[{"start":{"line":74,"column":8},"end":{"line":86,"column":9}},{"start":{},"end":{}}],"line":74},"7":{"loc":{"start":{"line":90,"column":2},"end":{"line":94,"column":3}},"type":"if","locations":[{"start":{"line":90,"column":2},"end":{"line":94,"column":3}},{"start":{},"end":{}}],"line":90},"8":{"loc":{"start":{"line":120,"column":2},"end":{"line":122,"column":3}},"type":"if","locations":[{"start":{"line":120,"column":2},"end":{"line":122,"column":3}},{"start":{},"end":{}}],"line":120},"9":{"loc":{"start":{"line":120,"column":6},"end":{"line":120,"column":29}},"type":"binary-expr","locations":[{"start":{"line":120,"column":6},"end":{"line":120,"column":14}},{"start":{"line":120,"column":18},"end":{"line":120,"column":29}}],"line":120},"10":{"loc":{"start":{"line":127,"column":2},"end":{"line":130,"column":3}},"type":"if","locations":[{"start":{"line":127,"column":2},"end":{"line":130,"column":3}},{"start":{},"end":{}}],"line":127},"11":{"loc":{"start":{"line":172,"column":2},"end":{"line":174,"column":3}},"type":"if","locations":[{"start":{"line":172,"column":2},"end":{"line":174,"column":3}},{"start":{},"end":{}}],"line":172},"12":{"loc":{"start":{"line":188,"column":2},"end":{"line":190,"column":3}},"type":"if","locations":[{"start":{"line":188,"column":2},"end":{"line":190,"column":3}},{"start":{},"end":{}}],"line":188},"13":{"loc":{"start":{"line":195,"column":2},"end":{"line":197,"column":3}},"type":"if","locations":[{"start":{"line":195,"column":2},"end":{"line":197,"column":3}},{"start":{},"end":{}}],"line":195},"14":{"loc":{"start":{"line":196,"column":11},"end":{"line":196,"column":41}},"type":"binary-expr","locations":[{"start":{"line":196,"column":11},"end":{"line":196,"column":33}},{"start":{"line":196,"column":37},"end":{"line":196,"column":41}}],"line":196}},"s":{"0":0,"1":0,"2":0,"3":0,"4":0,"5":0,"6":0,"7":0,"8":0,"9":0,"10":0,"11":0,"12":0,"13":0,"14":0,"15":0,"16":0,"17":0,"18":0,"19":0,"20":0,"21":0,"22":0,"23":0,"24":0,"25":0,"26":0,"27":0,"28":0,"29":0,"30":0,"31":0,"32":0,"33":0,"34":0,"35":0,"36":0,"37":0,"38":0,"39":0,"40":0,"41":0,"42":0,"43":0,"44":0,"45":0,"46":0,"47":0,"48":0,"49":0,"50":0,"51":0,"52":0,"53":0,"54":0,"55":0,"56":0,"57":0,"58":0,"59":0,"60":0,"61":0,"62":0,"63":0,"64":0,"65":0,"66":0,"67":0},"f":{"0":0,"1":0,"2":0,"3":0,"4":0,"5":0,"6":0},"b":{"0":[0,0],"1":[0,0],"2":[0,0,0],"3":[0,0],"4":[0,0],"5":[0,0],"6":[0,0],"7":[0,0],"8":[0,0],"9":[0,0],"10":[0,0],"11":[0,0],"12":[0,0],"13":[0,0],"14":[0,0]},"inputSourceMap":null}
,"/home/ryan/.openclaw/workspace/projects/dashboard/src/services/tunnelService.js": {"path":"/home/ryan/.openclaw/workspace/projects/dashboard/src/services/tunnelService.js","statementMap":{"0":{"start":{"line":7,"column":2},"end":{"line":11,"column":3}},"1":{"start":{"line":8,"column":4},"end":{"line":8,"column":66}},"2":{"start":{"line":10,"column":4},"end":{"line":10,"column":28}},"3":{"start":{"line":15,"column":2},"end":{"line":15,"column":70}},"4":{"start":{"line":19,"column":2},"end":{"line":19,"column":25}},"5":{"start":{"line":19,"column":12},"end":{"line":19,"column":25}},"6":{"start":{"line":20,"column":2},"end":{"line":25,"column":3}},"7":{"start":{"line":21,"column":4},"end":{"line":21,"column":25}},"8":{"start":{"line":22,"column":4},"end":{"line":22,"column":16}},"9":{"start":{"line":24,"column":4},"end":{"line":24,"column":17}},"10":{"start":{"line":29,"column":2},"end":{"line":29,"column":53}},"11":{"start":{"line":33,"column":2},"end":{"line":33,"column":51}},"12":{"start":{"line":33,"column":27},"end":{"line":33,"column":51}},"13":{"start":{"line":34,"column":2},"end":{"line":34,"column":28}},"14":{"start":{"line":38,"column":16},"end":{"line":43,"column":4}},"15":{"start":{"line":44,"column":2},"end":{"line":47,"column":3}},"16":{"start":{"line":45,"column":4},"end":{"line":45,"column":65}},"17":{"start":{"line":45,"column":38},"end":{"line":45,"column":63}},"18":{"start":{"line":46,"column":4},"end":{"line":46,"column":65}},"19":{"start":{"line":46,"column":38},"end":{"line":46,"column":63}},"20":{"start":{"line":48,"column":2},"end":{"line":48,"column":16}},"21":{"start":{"line":49,"column":2},"end":{"line":49,"column":19}},"22":{"start":{"line":53,"column":2},"end":{"line":55,"column":3}},"23":{"start":{"line":54,"column":4},"end":{"line":54,"column":56}},"24":{"start":{"line":59,"column":2},"end":{"line":59,"column":17}},"25":{"start":{"line":60,"column":18},"end":{"line":60,"column":66}},"26":{"start":{"line":61,"column":15},"end":{"line":61,"column":57}},"27":{"start":{"line":62,"column":2},"end":{"line":62,"column":71}},"28":{"start":{"line":66,"column":16},"end":{"line":66,"column":27}},"29":{"start":{"line":67,"column":17},"end":{"line":67,"column":51}},"30":{"start":{"line":68,"column":2},"end":{"line":68,"column":57}},"31":{"start":{"line":68,"column":33},"end":{"line":68,"column":57}},"32":{"start":{"line":70,"column":2},"end":{"line":72,"column":3}},"33":{"start":{"line":71,"column":4},"end":{"line":71,"column":59}},"34":{"start":{"line":73,"column":18},"end":{"line":73,"column":69}},"35":{"start":{"line":75,"column":2},"end":{"line":79,"column":4}},"36":{"start":{"line":80,"column":19},"end":{"line":88,"column":3}},"37":{"start":{"line":81,"column":4},"end":{"line":81,"column":38}},"38":{"start":{"line":82,"column":4},"end":{"line":82,"column":43}},"39":{"start":{"line":83,"column":18},"end":{"line":83,"column":73}},"40":{"start":{"line":84,"column":4},"end":{"line":87,"column":5}},"41":{"start":{"line":85,"column":6},"end":{"line":85,"column":34}},"42":{"start":{"line":86,"column":6},"end":{"line":86,"column":23}},"43":{"start":{"line":90,"column":14},"end":{"line":94,"column":3}},"44":{"start":{"line":96,"column":2},"end":{"line":96,"column":25}},"45":{"start":{"line":97,"column":2},"end":{"line":97,"column":38}},"46":{"start":{"line":98,"column":2},"end":{"line":98,"column":46}},"47":{"start":{"line":99,"column":2},"end":{"line":99,"column":19}},"48":{"start":{"line":100,"column":2},"end":{"line":100,"column":13}},"49":{"start":{"line":104,"column":16},"end":{"line":104,"column":27}},"50":{"start":{"line":105,"column":17},"end":{"line":105,"column":51}},"51":{"start":{"line":106,"column":2},"end":{"line":106,"column":38}},"52":{"start":{"line":106,"column":25},"end":{"line":106,"column":38}},"53":{"start":{"line":108,"column":2},"end":{"line":108,"column":67}},"54":{"start":{"line":109,"column":2},"end":{"line":115,"column":3}},"55":{"start":{"line":110,"column":4},"end":{"line":110,"column":36}},"56":{"start":{"line":112,"column":4},"end":{"line":114,"column":14}},"57":{"start":{"line":113,"column":6},"end":{"line":113,"column":37}},"58":{"start":{"line":117,"column":2},"end":{"line":117,"column":26}},"59":{"start":{"line":118,"column":2},"end":{"line":118,"column":32}},"60":{"start":{"line":119,"column":2},"end":{"line":119,"column":19}},"61":{"start":{"line":120,"column":2},"end":{"line":120,"column":14}}},"fnMap":{"0":{"name":"loadState","decl":{"start":{"line":6,"column":9},"end":{"line":6,"column":18}},"loc":{"start":{"line":6,"column":21},"end":{"line":12,"column":1}},"line":6},"1":{"name":"saveState","decl":{"start":{"line":14,"column":9},"end":{"line":14,"column":18}},"loc":{"start":{"line":14,"column":26},"end":{"line":16,"column":1}},"line":14},"2":{"name":"isAlive","decl":{"start":{"line":18,"column":9},"end":{"line":18,"column":16}},"loc":{"start":{"line":18,"column":22},"end":{"line":26,"column":1}},"line":18},"3":{"name":"resolveProjectDir","decl":{"start":{"line":28,"column":9},"end":{"line":28,"column":26}},"loc":{"start":{"line":28,"column":36},"end":{"line":30,"column":1}},"line":28},"4":{"name":"getProjectState","decl":{"start":{"line":32,"column":9},"end":{"line":32,"column":24}},"loc":{"start":{"line":32,"column":36},"end":{"line":35,"column":1}},"line":32},"5":{"name":"spawnDetached","decl":{"start":{"line":37,"column":9},"end":{"line":37,"column":22}},"loc":{"start":{"line":37,"column":47},"end":{"line":50,"column":1}},"line":37},"6":{"name":"(anonymous_6)","decl":{"start":{"line":45,"column":28},"end":{"line":45,"column":29}},"loc":{"start":{"line":45,"column":38},"end":{"line":45,"column":63}},"line":45},"7":{"name":"(anonymous_7)","decl":{"start":{"line":46,"column":28},"end":{"line":46,"column":29}},"loc":{"start":{"line":46,"column":38},"end":{"line":46,"column":63}},"line":46},"8":{"name":"ensureLogDir","decl":{"start":{"line":52,"column":9},"end":{"line":52,"column":21}},"loc":{"start":{"line":52,"column":24},"end":{"line":56,"column":1}},"line":52},"9":{"name":"appendLog","decl":{"start":{"line":58,"column":9},"end":{"line":58,"column":18}},"loc":{"start":{"line":58,"column":38},"end":{"line":63,"column":1}},"line":58},"10":{"name":"startTunnel","decl":{"start":{"line":65,"column":16},"end":{"line":65,"column":27}},"loc":{"start":{"line":65,"column":37},"end":{"line":101,"column":1}},"line":65},"11":{"name":"(anonymous_11)","decl":{"start":{"line":80,"column":19},"end":{"line":80,"column":20}},"loc":{"start":{"line":80,"column":30},"end":{"line":88,"column":3}},"line":80},"12":{"name":"stopTunnel","decl":{"start":{"line":103,"column":16},"end":{"line":103,"column":26}},"loc":{"start":{"line":103,"column":36},"end":{"line":121,"column":1}},"line":103}},"branchMap":{"0":{"loc":{"start":{"line":19,"column":2},"end":{"line":19,"column":25}},"type":"if","locations":[{"start":{"line":19,"column":2},"end":{"line":19,"column":25}},{"start":{},"end":{}}],"line":19},"1":{"loc":{"start":{"line":33,"column":2},"end":{"line":33,"column":51}},"type":"if","locations":[{"start":{"line":33,"column":2},"end":{"line":33,"column":51}},{"start":{},"end":{}}],"line":33},"2":{"loc":{"start":{"line":44,"column":2},"end":{"line":47,"column":3}},"type":"if","locations":[{"start":{"line":44,"column":2},"end":{"line":47,"column":3}},{"start":{},"end":{}}],"line":44},"3":{"loc":{"start":{"line":53,"column":2},"end":{"line":55,"column":3}},"type":"if","locations":[{"start":{"line":53,"column":2},"end":{"line":55,"column":3}},{"start":{},"end":{}}],"line":53},"4":{"loc":{"start":{"line":62,"column":29},"end":{"line":62,"column":69}},"type":"cond-expr","locations":[{"start":{"line":62,"column":51},"end":{"line":62,"column":55}},{"start":{"line":62,"column":58},"end":{"line":62,"column":69}}],"line":62},"5":{"loc":{"start":{"line":68,"column":2},"end":{"line":68,"column":57}},"type":"if","locations":[{"start":{"line":68,"column":2},"end":{"line":68,"column":57}},{"start":{},"end":{}}],"line":68},"6":{"loc":{"start":{"line":70,"column":2},"end":{"line":72,"column":3}},"type":"if","locations":[{"start":{"line":70,"column":2},"end":{"line":72,"column":3}},{"start":{},"end":{}}],"line":70},"7":{"loc":{"start":{"line":84,"column":4},"end":{"line":87,"column":5}},"type":"if","locations":[{"start":{"line":84,"column":4},"end":{"line":87,"column":5}},{"start":{},"end":{}}],"line":84},"8":{"loc":{"start":{"line":98,"column":21},"end":{"line":98,"column":45}},"type":"binary-expr","locations":[{"start":{"line":98,"column":21},"end":{"line":98,"column":37}},{"start":{"line":98,"column":41},"end":{"line":98,"column":45}}],"line":98},"9":{"loc":{"start":{"line":106,"column":2},"end":{"line":106,"column":38}},"type":"if","locations":[{"start":{"line":106,"column":2},"end":{"line":106,"column":38}},{"start":{},"end":{}}],"line":106}},"s":{"0":0,"1":0,"2":0,"3":0,"4":0,"5":0,"6":0,"7":0,"8":0,"9":0,"10":0,"11":0,"12":0,"13":0,"14":0,"15":0,"16":0,"17":0,"18":0,"19":0,"20":0,"21":0,"22":0,"23":0,"24":0,"25":0,"26":0,"27":0,"28":0,"29":0,"30":0,"31":0,"32":0,"33":0,"34":0,"35":0,"36":0,"37":0,"38":0,"39":0,"40":0,"41":0,"42":0,"43":0,"44":0,"45":0,"46":0,"47":0,"48":0,"49":0,"50":0,"51":0,"52":0,"53":0,"54":0,"55":0,"56":0,"57":0,"58":0,"59":0,"60":0,"61":0},"f":{"0":0,"1":0,"2":0,"3":0,"4":0,"5":0,"6":0,"7":0,"8":0,"9":0,"10":0,"11":0,"12":0},"b":{"0":[0,0],"1":[0,0],"2":[0,0],"3":[0,0],"4":[0,0],"5":[0,0],"6":[0,0],"7":[0,0],"8":[0,0],"9":[0,0]},"inputSourceMap":null}
,"/home/ryan/.openclaw/workspace/projects/dashboard/src/utils/logging.js": {"path":"/home/ryan/.openclaw/workspace/projects/dashboard/src/utils/logging.js","statementMap":{"0":{"start":{"line":10,"column":2},"end":{"line":12,"column":3}},"1":{"start":{"line":11,"column":4},"end":{"line":11,"column":56}},"2":{"start":{"line":23,"column":2},"end":{"line":23,"column":17}},"3":{"start":{"line":24,"column":18},"end":{"line":24,"column":73}},"4":{"start":{"line":25,"column":20},"end":{"line":25,"column":44}},"5":{"start":{"line":26,"column":15},"end":{"line":26,"column":42}},"6":{"start":{"line":27,"column":18},"end":{"line":27,"column":58}},"7":{"start":{"line":29,"column":2},"end":{"line":36,"column":3}},"8":{"start":{"line":30,"column":4},"end":{"line":30,"column":40}},"9":{"start":{"line":32,"column":4},"end":{"line":34,"column":6}},"10":{"start":{"line":35,"column":4},"end":{"line":35,"column":16}},"11":{"start":{"line":47,"column":2},"end":{"line":47,"column":17}},"12":{"start":{"line":48,"column":18},"end":{"line":48,"column":73}},"13":{"start":{"line":50,"column":2},"end":{"line":60,"column":3}},"14":{"start":{"line":51,"column":17},"end":{"line":51,"column":37}},"15":{"start":{"line":52,"column":18},"end":{"line":52,"column":51}},"16":{"start":{"line":53,"column":15},"end":{"line":53,"column":40}},"17":{"start":{"line":54,"column":19},"end":{"line":54,"column":50}},"18":{"start":{"line":55,"column":4},"end":{"line":55,"column":53}},"19":{"start":{"line":56,"column":4},"end":{"line":56,"column":21}},"20":{"start":{"line":57,"column":4},"end":{"line":57,"column":35}},"21":{"start":{"line":59,"column":4},"end":{"line":59,"column":14}}},"fnMap":{"0":{"name":"ensureLogDir","decl":{"start":{"line":9,"column":9},"end":{"line":9,"column":21}},"loc":{"start":{"line":9,"column":24},"end":{"line":13,"column":1}},"line":9},"1":{"name":"appendLog","decl":{"start":{"line":22,"column":16},"end":{"line":22,"column":25}},"loc":{"start":{"line":22,"column":52},"end":{"line":37,"column":1}},"line":22},"2":{"name":"readLog","decl":{"start":{"line":46,"column":16},"end":{"line":46,"column":23}},"loc":{"start":{"line":46,"column":59},"end":{"line":61,"column":1}},"line":46}},"branchMap":{"0":{"loc":{"start":{"line":10,"column":2},"end":{"line":12,"column":3}},"type":"if","locations":[{"start":{"line":10,"column":2},"end":{"line":12,"column":3}},{"start":{},"end":{}}],"line":10},"1":{"loc":{"start":{"line":27,"column":18},"end":{"line":27,"column":58}},"type":"cond-expr","locations":[{"start":{"line":27,"column":40},"end":{"line":27,"column":44}},{"start":{"line":27,"column":47},"end":{"line":27,"column":58}}],"line":27},"2":{"loc":{"start":{"line":46,"column":41},"end":{"line":46,"column":57}},"type":"default-arg","locations":[{"start":{"line":46,"column":52},"end":{"line":46,"column":57}}],"line":46}},"s":{"0":0,"1":0,"2":0,"3":0,"4":0,"5":0,"6":0,"7":0,"8":0,"9":0,"10":0,"11":0,"12":0,"13":0,"14":0,"15":0,"16":0,"17":0,"18":0,"19":0,"20":0,"21":0},"f":{"0":0,"1":0,"2":0},"b":{"0":[0,0],"1":[0,0],"2":[0]},"inputSourceMap":null}
}
