TN:
SF:src/app.js
FNF:0
FNH:0
DA:12,0
DA:13,0
DA:15,0
DA:18,0
DA:19,0
DA:21,0
DA:26,0
DA:27,0
DA:28,0
DA:31,0
DA:34,0
DA:35,0
DA:38,0
DA:41,0
LF:14
LH:0
BRF:0
BRH:0
end_of_record
TN:
SF:src/__tests__/fixtures/index.js
FN:65,createMockRequest
FN:80,createMockResponse
FN:86,(anonymous_2)
FN:90,(anonymous_3)
FN:94,(anonymous_4)
FN:98,(anonymous_5)
FN:109,createMockNext
FN:110,(anonymous_7)
FN:115,(anonymous_8)
FN:137,createTestContext
FNF:10
FNH:0
FNDA:0,createMockRequest
FNDA:0,createMockResponse
FNDA:0,(anonymous_2)
FNDA:0,(anonymous_3)
FNDA:0,(anonymous_4)
FNDA:0,(anonymous_5)
FNDA:0,createMockNext
FNDA:0,(anonymous_7)
FNDA:0,(anonymous_8)
FNDA:0,createTestContext
DA:9,0
DA:28,0
DA:39,0
DA:66,0
DA:81,0
DA:87,0
DA:88,0
DA:91,0
DA:92,0
DA:95,0
DA:96,0
DA:99,0
DA:100,0
DA:103,0
DA:110,0
DA:111,0
DA:112,0
DA:113,0
DA:115,0
DA:116,0
DA:117,0
DA:118,0
DA:120,0
DA:127,0
DA:138,0
LF:25
LH:0
BRDA:65,0,0,0
BRDA:67,1,0,0
BRDA:67,1,1,0
BRDA:68,2,0,0
BRDA:68,2,1,0
BRDA:69,3,0,0
BRDA:69,3,1,0
BRDA:70,4,0,0
BRDA:70,4,1,0
BRDA:71,5,0,0
BRDA:71,5,1,0
BRDA:72,6,0,0
BRDA:72,6,1,0
BRDA:117,7,0,0
BRDA:117,7,1,0
BRF:15
BRH:0
end_of_record
TN:
SF:src/__tests__/utils/fileUtils.js
FN:12,createTempFile
FN:21,createTempDir
FN:32,cleanupTempFile
FN:45,cleanupTempDir
FN:58,mockReadFileSync
FN:61,(anonymous_5)
FN:69,mockWriteFileSync
FN:72,(anonymous_7)
FN:80,createMockJsonReader
FN:81,(anonymous_9)
FN:87,createMockJsonWriter
FN:90,(anonymous_11)
FN:93,(anonymous_12)
FN:94,(anonymous_13)
FNF:14
FNH:0
FNDA:0,createTempFile
FNDA:0,createTempDir
FNDA:0,cleanupTempFile
FNDA:0,cleanupTempDir
FNDA:0,mockReadFileSync
FNDA:0,(anonymous_5)
FNDA:0,mockWriteFileSync
FNDA:0,(anonymous_7)
FNDA:0,createMockJsonReader
FNDA:0,(anonymous_9)
FNDA:0,createMockJsonWriter
FNDA:0,(anonymous_11)
FNDA:0,(anonymous_12)
FNDA:0,(anonymous_13)
DA:13,0
DA:14,0
DA:15,0
DA:22,0
DA:23,0
DA:24,0
DA:26,0
DA:33,0
DA:34,0
DA:35,0
DA:38,0
DA:46,0
DA:47,0
DA:48,0
DA:51,0
DA:59,0
DA:60,0
DA:61,0
DA:62,0
DA:70,0
DA:71,0
DA:72,0
DA:73,0
DA:81,0
DA:88,0
DA:89,0
DA:91,0
DA:93,0
DA:95,0
LF:29
LH:0
BRDA:12,0,0,0
BRDA:23,1,0,0
BRDA:23,1,1,0
BRDA:34,2,0,0
BRDA:34,2,1,0
BRDA:47,3,0,0
BRDA:47,3,1,0
BRF:7
BRH:0
end_of_record
TN:
SF:src/__tests__/utils/processUtils.js
FN:10,(anonymous_0)
FN:18,(anonymous_1)
FN:26,(anonymous_2)
FN:34,(anonymous_3)
FN:35,(anonymous_4)
FN:42,(anonymous_5)
FN:45,(anonymous_6)
FN:51,(anonymous_7)
FN:53,(anonymous_8)
FN:57,(anonymous_9)
FN:65,createMockSpawn
FN:68,(anonymous_11)
FN:78,(anonymous_12)
FN:79,(anonymous_13)
FN:82,(anonymous_14)
FN:90,createMockChildProcess
FN:95,(anonymous_16)
FN:97,(anonymous_17)
FN:102,(anonymous_18)
FN:104,(anonymous_19)
FN:116,(anonymous_20)
FN:121,(anonymous_21)
FN:126,(anonymous_22)
FN:134,(anonymous_23)
FN:138,(anonymous_24)
FN:142,(anonymous_25)
FNF:26
FNH:0
FNDA:0,(anonymous_0)
FNDA:0,(anonymous_1)
FNDA:0,(anonymous_2)
FNDA:0,(anonymous_3)
FNDA:0,(anonymous_4)
FNDA:0,(anonymous_5)
FNDA:0,(anonymous_6)
FNDA:0,(anonymous_7)
FNDA:0,(anonymous_8)
FNDA:0,(anonymous_9)
FNDA:0,createMockSpawn
FNDA:0,(anonymous_11)
FNDA:0,(anonymous_12)
FNDA:0,(anonymous_13)
FNDA:0,(anonymous_14)
FNDA:0,createMockChildProcess
FNDA:0,(anonymous_16)
FNDA:0,(anonymous_17)
FNDA:0,(anonymous_18)
FNDA:0,(anonymous_19)
FNDA:0,(anonymous_20)
FNDA:0,(anonymous_21)
FNDA:0,(anonymous_22)
FNDA:0,(anonymous_23)
FNDA:0,(anonymous_24)
FNDA:0,(anonymous_25)
DA:11,0
DA:12,0
DA:13,0
DA:14,0
DA:15,0
DA:19,0
DA:20,0
DA:21,0
DA:22,0
DA:23,0
DA:27,0
DA:28,0
DA:30,0
DA:31,0
DA:35,0
DA:36,0
DA:37,0
DA:39,0
DA:43,0
DA:44,0
DA:45,0
DA:48,0
DA:52,0
DA:53,0
DA:58,0
DA:66,0
DA:68,0
DA:69,0
DA:70,0
DA:75,0
DA:78,0
DA:79,0
DA:80,0
DA:82,0
DA:84,0
DA:91,0
DA:93,0
DA:96,0
DA:97,0
DA:98,0
DA:100,0
DA:103,0
DA:104,0
DA:105,0
DA:107,0
DA:117,0
DA:118,0
DA:122,0
DA:123,0
DA:125,0
DA:126,0
DA:127,0
DA:128,0
DA:131,0
DA:135,0
DA:139,0
DA:143,0
DA:144,0
LF:58
LH:0
BRDA:10,0,0,0
BRDA:11,1,0,0
BRDA:11,1,1,0
BRDA:12,2,0,0
BRDA:12,2,1,0
BRDA:18,3,0,0
BRDA:27,4,0,0
BRDA:27,4,1,0
BRDA:43,5,0,0
BRDA:43,5,1,0
BRDA:52,6,0,0
BRDA:52,6,1,0
BRDA:65,7,0,0
BRDA:72,8,0,0
BRDA:72,8,1,0
BRDA:127,9,0,0
BRDA:127,9,1,0
BRF:17
BRH:0
end_of_record
TN:
SF:src/config/index.js
FN:11,getPort
FN:25,getLogDir
FN:42,loadProjectConfig
FNF:3
FNH:0
FNDA:0,getPort
FNDA:0,getLogDir
FNDA:0,loadProjectConfig
DA:5,0
DA:6,0
DA:8,0
DA:12,0
DA:13,0
DA:14,0
DA:15,0
DA:16,0
DA:17,0
DA:19,0
DA:21,0
DA:26,0
DA:29,0
DA:43,0
DA:44,0
DA:45,0
DA:47,0
DA:48,0
LF:18
LH:0
BRDA:13,0,0,0
BRDA:13,0,1,0
BRDA:15,1,0,0
BRDA:15,1,1,0
BRDA:15,2,0,0
BRDA:15,2,1,0
BRDA:15,2,2,0
BRDA:26,3,0,0
BRDA:26,3,1,0
BRDA:31,4,0,0
BRDA:31,4,1,0
BRF:11
BRH:0
end_of_record
TN:
SF:src/config/validator.js
FN:11,validateConfig
FN:45,(anonymous_1)
FN:56,validateProject
FNF:3
FNH:0
FNDA:0,validateConfig
FNDA:0,(anonymous_1)
FNDA:0,validateProject
DA:12,0
DA:13,0
DA:17,0
DA:18,0
DA:21,0
DA:22,0
DA:27,0
DA:28,0
DA:34,0
DA:35,0
DA:45,0
DA:46,0
DA:57,0
DA:58,0
DA:63,0
DA:65,0
DA:66,0
DA:67,0
DA:74,0
DA:75,0
DA:81,0
DA:82,0
DA:88,0
DA:89,0
DA:95,0
DA:96,0
DA:102,0
DA:103,0
DA:108,0
DA:113,0
LF:30
LH:0
BRDA:12,0,0,0
BRDA:12,0,1,0
BRDA:12,1,0,0
BRDA:12,1,1,0
BRDA:12,1,2,0
BRDA:12,1,3,0
BRDA:17,2,0,0
BRDA:17,2,1,0
BRDA:21,3,0,0
BRDA:21,3,1,0
BRDA:27,4,0,0
BRDA:27,4,1,0
BRDA:27,5,0,0
BRDA:27,5,1,0
BRDA:27,5,2,0
BRDA:34,6,0,0
BRDA:34,6,1,0
BRDA:37,7,0,0
BRDA:37,7,1,0
BRDA:57,8,0,0
BRDA:57,8,1,0
BRDA:57,9,0,0
BRDA:57,9,1,0
BRDA:66,10,0,0
BRDA:66,10,1,0
BRDA:74,11,0,0
BRDA:74,11,1,0
BRDA:74,12,0,0
BRDA:74,12,1,0
BRDA:81,13,0,0
BRDA:81,13,1,0
BRDA:81,14,0,0
BRDA:81,14,1,0
BRDA:88,15,0,0
BRDA:88,15,1,0
BRDA:88,16,0,0
BRDA:88,16,1,0
BRDA:95,17,0,0
BRDA:95,17,1,0
BRDA:95,18,0,0
BRDA:95,18,1,0
BRDA:102,19,0,0
BRDA:102,19,1,0
BRDA:108,20,0,0
BRDA:108,20,1,0
BRDA:109,21,0,0
BRDA:109,21,1,0
BRDA:109,21,2,0
BRF:48
BRH:0
end_of_record
TN:
SF:src/middleware/errorHandler.js
FN:14,errorHandler
FN:58,notFoundHandler
FNF:2
FNH:0
FNDA:0,errorHandler
FNDA:0,notFoundHandler
DA:16,0
DA:19,0
DA:22,0
DA:29,0
DA:35,0
DA:36,0
DA:41,0
DA:42,0
DA:47,0
DA:59,0
DA:60,0
DA:61,0
LF:12
LH:0
BRDA:16,0,0,0
BRDA:16,0,1,0
BRDA:16,0,2,0
BRDA:19,1,0,0
BRDA:19,1,1,0
BRDA:35,2,0,0
BRDA:35,2,1,0
BRDA:41,3,0,0
BRDA:41,3,1,0
BRF:9
BRH:0
end_of_record
TN:
SF:src/middleware/index.js
FN:5,loggerMiddleware
FN:7,(anonymous_1)
FNF:2
FNH:0
FNDA:0,loggerMiddleware
FNDA:0,(anonymous_1)
DA:6,0
DA:7,0
DA:8,0
DA:9,0
DA:11,0
LF:5
LH:0
BRF:0
BRH:0
end_of_record
TN:
SF:src/middleware/requestLogger.js
FN:8,requestLoggerMiddleware
FN:12,(anonymous_1)
FNF:2
FNH:0
FNDA:0,requestLoggerMiddleware
FNDA:0,(anonymous_1)
DA:9,0
DA:10,0
DA:12,0
DA:13,0
DA:14,0
DA:15,0
DA:16,0
DA:19,0
DA:22,0
DA:23,0
DA:27,0
DA:28,0
DA:31,0
DA:32,0
DA:37,0
LF:15
LH:0
BRDA:22,0,0,0
BRDA:22,0,1,0
BRDA:31,1,0,0
BRDA:31,1,1,0
BRF:4
BRH:0
end_of_record
TN:
SF:src/middleware/staticFiles.js
FN:17,staticFilesMiddleware
FNF:1
FNH:0
FNDA:0,staticFilesMiddleware
DA:19,0
DA:20,0
DA:24,0
DA:27,0
DA:28,0
DA:29,0
DA:33,0
DA:35,0
DA:36,0
DA:40,0
DA:41,0
DA:42,0
DA:61,0
DA:66,0
DA:67,0
DA:68,0
DA:71,0
DA:72,0
DA:75,0
DA:80,0
DA:81,0
DA:82,0
DA:83,0
DA:84,0
DA:88,0
LF:25
LH:0
BRDA:19,0,0,0
BRDA:19,0,1,0
BRDA:28,1,0,0
BRDA:28,1,1,0
BRDA:33,2,0,0
BRDA:33,2,1,0
BRDA:35,3,0,0
BRDA:35,3,1,0
BRDA:40,4,0,0
BRDA:40,4,1,0
BRDA:61,5,0,0
BRDA:61,5,1,0
BRDA:67,6,0,0
BRDA:67,6,1,0
BRDA:81,7,0,0
BRDA:81,7,1,0
BRF:16
BRH:0
end_of_record
TN:
SF:src/routes/config.js
FN:7,(anonymous_0)
FNF:1
FNH:0
FNDA:0,(anonymous_0)
DA:4,0
DA:7,0
DA:8,0
LF:3
LH:0
BRF:0
BRH:0
end_of_record
TN:
SF:src/routes/projects.js
FN:15,buildProjectStatus
FN:37,(anonymous_1)
FN:47,(anonymous_2)
FN:63,(anonymous_3)
FN:80,(anonymous_4)
FN:97,(anonymous_5)
FN:120,(anonymous_6)
FN:137,(anonymous_7)
FNF:8
FNH:0
FNDA:0,buildProjectStatus
FNDA:0,(anonymous_1)
FNDA:0,(anonymous_2)
FNDA:0,(anonymous_3)
FNDA:0,(anonymous_4)
FNDA:0,(anonymous_5)
FNDA:0,(anonymous_6)
FNDA:0,(anonymous_7)
DA:8,0
DA:16,0
DA:17,0
DA:19,0
DA:37,0
DA:38,0
DA:39,0
DA:40,0
DA:42,0
DA:47,0
DA:48,0
DA:49,0
DA:51,0
DA:52,0
DA:55,0
DA:56,0
DA:58,0
DA:63,0
DA:64,0
DA:65,0
DA:67,0
DA:68,0
DA:71,0
DA:72,0
DA:73,0
DA:75,0
DA:80,0
DA:81,0
DA:82,0
DA:84,0
DA:85,0
DA:88,0
DA:89,0
DA:90,0
DA:92,0
DA:97,0
DA:98,0
DA:99,0
DA:101,0
DA:102,0
DA:106,0
DA:111,0
DA:112,0
DA:113,0
DA:115,0
DA:120,0
DA:121,0
DA:122,0
DA:124,0
DA:125,0
DA:128,0
DA:129,0
DA:130,0
DA:132,0
DA:137,0
DA:138,0
DA:139,0
DA:141,0
DA:142,0
DA:146,0
DA:147,0
DA:150,0
DA:151,0
DA:155,0
DA:156,0
DA:159,0
DA:160,0
DA:162,0
LF:68
LH:0
BRDA:27,0,0,0
BRDA:27,0,1,0
BRDA:28,1,0,0
BRDA:28,1,1,0
BRDA:30,2,0,0
BRDA:30,2,1,0
BRDA:32,3,0,0
BRDA:32,3,1,0
BRDA:51,4,0,0
BRDA:51,4,1,0
BRDA:67,5,0,0
BRDA:67,5,1,0
BRDA:84,6,0,0
BRDA:84,6,1,0
BRDA:101,7,0,0
BRDA:101,7,1,0
BRDA:108,8,0,0
BRDA:108,8,1,0
BRDA:124,9,0,0
BRDA:124,9,1,0
BRDA:141,10,0,0
BRDA:141,10,1,0
BRDA:146,11,0,0
BRDA:146,11,1,0
BRDA:147,12,0,0
BRDA:147,12,1,0
BRDA:150,13,0,0
BRDA:150,13,1,0
BRDA:155,14,0,0
BRDA:155,14,1,0
BRDA:155,15,0,0
BRDA:155,15,1,0
BRF:32
BRH:0
end_of_record
TN:
SF:src/services/configService.js
FN:17,loadConfig
FN:38,reloadConfig
FN:48,getProject
FN:57,(anonymous_3)
FN:64,getAllProjects
FN:80,getConfig
FNF:6
FNH:0
FNDA:0,loadConfig
FNDA:0,reloadConfig
FNDA:0,getProject
FNDA:0,(anonymous_3)
FNDA:0,getAllProjects
FNDA:0,getConfig
DA:6,0
DA:7,0
DA:8,0
DA:10,0
DA:18,0
DA:19,0
DA:20,0
DA:22,0
DA:23,0
DA:25,0
DA:26,0
DA:27,0
DA:28,0
DA:30,0
DA:39,0
DA:40,0
DA:49,0
DA:50,0
DA:53,0
DA:54,0
DA:57,0
DA:65,0
DA:66,0
DA:69,0
DA:70,0
DA:73,0
DA:81,0
LF:27
LH:0
BRDA:25,0,0,0
BRDA:25,0,1,0
BRDA:27,1,0,0
BRDA:27,1,1,0
BRDA:49,2,0,0
BRDA:49,2,1,0
BRDA:53,3,0,0
BRDA:53,3,1,0
BRDA:53,4,0,0
BRDA:53,4,1,0
BRDA:57,5,0,0
BRDA:57,5,1,0
BRDA:65,6,0,0
BRDA:65,6,1,0
BRDA:69,7,0,0
BRDA:69,7,1,0
BRDA:69,8,0,0
BRDA:69,8,1,0
BRF:18
BRH:0
end_of_record
TN:
SF:src/services/logService.js
FN:9,ensureLogDir
FN:21,getLogFilePath
FN:32,appendLog
FN:58,readLog
FN:88,clearLogs
FNF:5
FNH:0
FNDA:0,ensureLogDir
FNDA:0,getLogFilePath
FNDA:0,appendLog
FNDA:0,readLog
FNDA:0,clearLogs
DA:10,0
DA:11,0
DA:22,0
DA:33,0
DA:34,0
DA:37,0
DA:38,0
DA:39,0
DA:40,0
DA:41,0
DA:43,0
DA:44,0
DA:46,0
DA:47,0
DA:59,0
DA:60,0
DA:63,0
DA:64,0
DA:66,0
DA:67,0
DA:68,0
DA:69,0
DA:70,0
DA:71,0
DA:72,0
DA:73,0
DA:76,0
DA:77,0
DA:79,0
DA:89,0
DA:90,0
DA:93,0
DA:94,0
DA:96,0
DA:97,0
DA:98,0
DA:99,0
DA:100,0
DA:103,0
DA:104,0
LF:40
LH:0
BRDA:10,0,0,0
BRDA:10,0,1,0
BRDA:33,1,0,0
BRDA:33,1,1,0
BRDA:33,2,0,0
BRDA:33,2,1,0
BRDA:33,2,2,0
BRDA:41,3,0,0
BRDA:41,3,1,0
BRDA:58,4,0,0
BRDA:59,5,0,0
BRDA:59,5,1,0
BRDA:59,6,0,0
BRDA:59,6,1,0
BRDA:76,7,0,0
BRDA:76,7,1,0
BRDA:89,8,0,0
BRDA:89,8,1,0
BRDA:99,9,0,0
BRDA:99,9,1,0
BRF:20
BRH:0
end_of_record
TN:
SF:src/services/projectLifecycle.js
FN:16,isProcessAlive
FN:33,startProject
FN:65,(anonymous_2)
FN:70,(anonymous_3)
FN:100,stopProject
FN:149,isProjectRunning
FN:163,getProjectPid
FNF:7
FNH:0
FNDA:0,isProcessAlive
FNDA:0,startProject
FNDA:0,(anonymous_2)
FNDA:0,(anonymous_3)
FNDA:0,stopProject
FNDA:0,isProjectRunning
FNDA:0,getProjectPid
DA:8,0
DA:9,0
DA:17,0
DA:18,0
DA:19,0
DA:20,0
DA:22,0
DA:34,0
DA:35,0
DA:39,0
DA:40,0
DA:41,0
DA:46,0
DA:50,0
DA:53,0
DA:56,0
DA:64,0
DA:65,0
DA:66,0
DA:69,0
DA:70,0
DA:71,0
DA:76,0
DA:79,0
DA:83,0
DA:88,0
DA:89,0
DA:101,0
DA:102,0
DA:105,0
DA:106,0
DA:108,0
DA:109,0
DA:110,0
DA:113,0
DA:115,0
DA:118,0
DA:119,0
DA:120,0
DA:121,0
DA:124,0
DA:125,0
DA:126,0
DA:127,0
DA:129,0
DA:134,0
DA:139,0
DA:141,0
DA:150,0
DA:151,0
DA:154,0
DA:155,0
DA:164,0
DA:165,0
DA:168,0
DA:169,0
DA:171,0
DA:172,0
DA:175,0
LF:59
LH:0
BRDA:17,0,0,0
BRDA:17,0,1,0
BRDA:34,1,0,0
BRDA:34,1,1,0
BRDA:34,2,0,0
BRDA:34,2,1,0
BRDA:34,2,2,0
BRDA:34,2,3,0
BRDA:40,3,0,0
BRDA:40,3,1,0
BRDA:64,4,0,0
BRDA:64,4,1,0
BRDA:69,5,0,0
BRDA:69,5,1,0
BRDA:101,6,0,0
BRDA:101,6,1,0
BRDA:101,7,0,0
BRDA:101,7,1,0
BRDA:108,8,0,0
BRDA:108,8,1,0
BRDA:150,9,0,0
BRDA:150,9,1,0
BRDA:164,10,0,0
BRDA:164,10,1,0
BRDA:171,11,0,0
BRDA:171,11,1,0
BRF:26
BRH:0
end_of_record
TN:
SF:src/services/projectService.js
FN:6,loadState
FN:14,saveState
FN:18,isAlive
FN:28,resolveProjectDir
FN:32,getProjectState
FN:37,spawnDetached
FN:45,(anonymous_6)
FN:46,(anonymous_7)
FN:52,ensureLogDir
FN:58,appendLog
FN:65,startProject
FN:71,(anonymous_11)
FN:80,stopProject
FN:99,getProjectSnapshot
FN:116,readLog
FNF:15
FNH:0
FNDA:0,loadState
FNDA:0,saveState
FNDA:0,isAlive
FNDA:0,resolveProjectDir
FNDA:0,getProjectState
FNDA:0,spawnDetached
FNDA:0,(anonymous_6)
FNDA:0,(anonymous_7)
FNDA:0,ensureLogDir
FNDA:0,appendLog
FNDA:0,startProject
FNDA:0,(anonymous_11)
FNDA:0,stopProject
FNDA:0,getProjectSnapshot
FNDA:0,readLog
DA:7,0
DA:8,0
DA:10,0
DA:15,0
DA:19,0
DA:20,0
DA:21,0
DA:22,0
DA:24,0
DA:29,0
DA:33,0
DA:34,0
DA:38,0
DA:44,0
DA:45,0
DA:46,0
DA:48,0
DA:49,0
DA:53,0
DA:54,0
DA:59,0
DA:60,0
DA:61,0
DA:62,0
DA:66,0
DA:67,0
DA:68,0
DA:70,0
DA:71,0
DA:72,0
DA:74,0
DA:75,0
DA:76,0
DA:77,0
DA:81,0
DA:82,0
DA:83,0
DA:85,0
DA:86,0
DA:87,0
DA:89,0
DA:90,0
DA:93,0
DA:94,0
DA:95,0
DA:96,0
DA:100,0
DA:101,0
DA:102,0
DA:117,0
DA:118,0
DA:119,0
DA:120,0
DA:121,0
DA:122,0
DA:123,0
DA:124,0
DA:125,0
DA:126,0
DA:128,0
LF:60
LH:0
BRDA:19,0,0,0
BRDA:19,0,1,0
BRDA:33,1,0,0
BRDA:33,1,1,0
BRDA:44,2,0,0
BRDA:44,2,1,0
BRDA:53,3,0,0
BRDA:53,3,1,0
BRDA:62,4,0,0
BRDA:62,4,1,0
BRDA:68,5,0,0
BRDA:68,5,1,0
BRDA:83,6,0,0
BRDA:83,6,1,0
BRDA:107,7,0,0
BRDA:107,7,1,0
BRDA:108,8,0,0
BRDA:108,8,1,0
BRDA:110,9,0,0
BRDA:110,9,1,0
BRDA:111,10,0,0
BRDA:111,10,1,0
BRDA:112,11,0,0
BRDA:112,11,1,0
BRDA:116,12,0,0
BRF:25
BRH:0
end_of_record
TN:
SF:src/services/stateService.js
FN:15,loadState
FN:36,saveState
FN:50,getProjectState
FN:68,setProjectState
FNF:4
FNH:0
FNDA:0,loadState
FNDA:0,saveState
FNDA:0,getProjectState
FNDA:0,setProjectState
DA:5,0
DA:6,0
DA:7,0
DA:16,0
DA:17,0
DA:18,0
DA:20,0
DA:22,0
DA:23,0
DA:24,0
DA:26,0
DA:37,0
DA:38,0
DA:40,0
DA:51,0
DA:52,0
DA:53,0
DA:55,0
DA:56,0
DA:58,0
DA:69,0
DA:70,0
DA:71,0
DA:73,0
DA:74,0
LF:25
LH:0
BRDA:20,0,0,0
BRDA:20,0,1,0
BRDA:23,1,0,0
BRDA:23,1,1,0
BRDA:52,2,0,0
BRDA:52,2,1,0
BRDA:55,3,0,0
BRDA:55,3,1,0
BRDA:70,4,0,0
BRDA:70,4,1,0
BRF:10
BRH:0
end_of_record
TN:
SF:src/services/tunnelLifecycle.js
FN:16,isProcessAlive
FN:34,startTunnel
FN:66,(anonymous_2)
FN:91,(anonymous_3)
FN:119,stopTunnel
FN:171,isTunnelRunning
FN:187,getTunnelUrl
FNF:7
FNH:0
FNDA:0,isProcessAlive
FNDA:0,startTunnel
FNDA:0,(anonymous_2)
FNDA:0,(anonymous_3)
FNDA:0,stopTunnel
FNDA:0,isTunnelRunning
FNDA:0,getTunnelUrl
DA:8,0
DA:9,0
DA:17,0
DA:18,0
DA:19,0
DA:20,0
DA:22,0
DA:35,0
DA:36,0
DA:40,0
DA:41,0
DA:42,0
DA:47,0
DA:51,0
DA:55,0
DA:62,0
DA:65,0
DA:66,0
DA:67,0
DA:68,0
DA:72,0
DA:73,0
DA:74,0
DA:75,0
DA:76,0
DA:79,0
DA:84,0
DA:85,0
DA:90,0
DA:91,0
DA:92,0
DA:97,0
DA:100,0
DA:105,0
DA:107,0
DA:108,0
DA:120,0
DA:121,0
DA:124,0
DA:125,0
DA:127,0
DA:128,0
DA:129,0
DA:132,0
DA:134,0
DA:137,0
DA:138,0
DA:139,0
DA:140,0
DA:143,0
DA:144,0
DA:145,0
DA:146,0
DA:148,0
DA:153,0
DA:160,0
DA:162,0
DA:172,0
DA:173,0
DA:176,0
DA:177,0
DA:188,0
DA:189,0
DA:192,0
DA:195,0
DA:196,0
DA:199,0
LF:67
LH:0
BRDA:17,0,0,0
BRDA:17,0,1,0
BRDA:35,1,0,0
BRDA:35,1,1,0
BRDA:35,2,0,0
BRDA:35,2,1,0
BRDA:35,2,2,0
BRDA:41,3,0,0
BRDA:41,3,1,0
BRDA:65,4,0,0
BRDA:65,4,1,0
BRDA:72,5,0,0
BRDA:72,5,1,0
BRDA:74,6,0,0
BRDA:74,6,1,0
BRDA:90,7,0,0
BRDA:90,7,1,0
BRDA:120,8,0,0
BRDA:120,8,1,0
BRDA:120,9,0,0
BRDA:120,9,1,0
BRDA:127,10,0,0
BRDA:127,10,1,0
BRDA:172,11,0,0
BRDA:172,11,1,0
BRDA:188,12,0,0
BRDA:188,12,1,0
BRDA:195,13,0,0
BRDA:195,13,1,0
BRDA:196,14,0,0
BRDA:196,14,1,0
BRF:31
BRH:0
end_of_record
TN:
SF:src/services/tunnelService.js
FN:6,loadState
FN:14,saveState
FN:18,isAlive
FN:28,resolveProjectDir
FN:32,getProjectState
FN:37,spawnDetached
FN:45,(anonymous_6)
FN:46,(anonymous_7)
FN:52,ensureLogDir
FN:58,appendLog
FN:65,startTunnel
FN:80,(anonymous_11)
FN:103,stopTunnel
FNF:13
FNH:0
FNDA:0,loadState
FNDA:0,saveState
FNDA:0,isAlive
FNDA:0,resolveProjectDir
FNDA:0,getProjectState
FNDA:0,spawnDetached
FNDA:0,(anonymous_6)
FNDA:0,(anonymous_7)
FNDA:0,ensureLogDir
FNDA:0,appendLog
FNDA:0,startTunnel
FNDA:0,(anonymous_11)
FNDA:0,stopTunnel
DA:7,0
DA:8,0
DA:10,0
DA:15,0
DA:19,0
DA:20,0
DA:21,0
DA:22,0
DA:24,0
DA:29,0
DA:33,0
DA:34,0
DA:38,0
DA:44,0
DA:45,0
DA:46,0
DA:48,0
DA:49,0
DA:53,0
DA:54,0
DA:59,0
DA:60,0
DA:61,0
DA:62,0
DA:66,0
DA:67,0
DA:68,0
DA:70,0
DA:71,0
DA:73,0
DA:75,0
DA:80,0
DA:81,0
DA:82,0
DA:83,0
DA:84,0
DA:85,0
DA:86,0
DA:90,0
DA:96,0
DA:97,0
DA:98,0
DA:99,0
DA:100,0
DA:104,0
DA:105,0
DA:106,0
DA:108,0
DA:109,0
DA:110,0
DA:112,0
DA:113,0
DA:117,0
DA:118,0
DA:119,0
DA:120,0
LF:56
LH:0
BRDA:19,0,0,0
BRDA:19,0,1,0
BRDA:33,1,0,0
BRDA:33,1,1,0
BRDA:44,2,0,0
BRDA:44,2,1,0
BRDA:53,3,0,0
BRDA:53,3,1,0
BRDA:62,4,0,0
BRDA:62,4,1,0
BRDA:68,5,0,0
BRDA:68,5,1,0
BRDA:70,6,0,0
BRDA:70,6,1,0
BRDA:84,7,0,0
BRDA:84,7,1,0
BRDA:98,8,0,0
BRDA:98,8,1,0
BRDA:106,9,0,0
BRDA:106,9,1,0
BRF:20
BRH:0
end_of_record
TN:
SF:src/utils/logging.js
FN:9,ensureLogDir
FN:22,appendLog
FN:46,readLog
FNF:3
FNH:0
FNDA:0,ensureLogDir
FNDA:0,appendLog
FNDA:0,readLog
DA:10,0
DA:11,0
DA:23,0
DA:24,0
DA:25,0
DA:26,0
DA:27,0
DA:29,0
DA:30,0
DA:32,0
DA:35,0
DA:47,0
DA:48,0
DA:50,0
DA:51,0
DA:52,0
DA:53,0
DA:54,0
DA:55,0
DA:56,0
DA:57,0
DA:59,0
LF:22
LH:0
BRDA:10,0,0,0
BRDA:10,0,1,0
BRDA:27,1,0,0
BRDA:27,1,1,0
BRDA:46,2,0,0
BRF:5
BRH:0
end_of_record
